   1              		.syntax unified
   2              		.cpu cortex-m4
   3              		.fpu softvfp
   4              		.eabi_attribute 20, 1
   5              		.eabi_attribute 21, 1
   6              		.eabi_attribute 23, 3
   7              		.eabi_attribute 24, 1
   8              		.eabi_attribute 25, 1
   9              		.eabi_attribute 26, 1
  10              		.eabi_attribute 30, 6
  11              		.eabi_attribute 34, 1
  12              		.eabi_attribute 18, 4
  13              		.thumb
  14              		.file	"main.c"
  15              		.text
  16              	.Ltext0:
  17              		.cfi_sections	.debug_frame
  18              		.comm	array,128,4
  19              		.global	temp32
  20              		.data
  21              		.align	2
  24              	temp32:
  25 0000 32323232 		.word	842150450
  26              		.text
  27              		.align	2
  28              		.global	test
  29              		.thumb
  30              		.thumb_func
  32              	test:
  33              	.LFB0:
  34              		.file 1 "../src/app/main.c"
   1:../src/app/main.c **** /*
   2:../src/app/main.c ****  * main.c
   3:../src/app/main.c ****  *
   4:../src/app/main.c ****  *  Created on: 2012-12-11
   5:../src/app/main.c ****  *      Author: YangZhiyong
   6:../src/app/main.c ****  */
   7:../src/app/main.c **** 
   8:../src/app/main.c **** 
   9:../src/app/main.c **** 
  10:../src/app/main.c **** // ÷–Œƒ◊÷ÃÂ≤‚ ‘
  11:../src/app/main.c **** 
  12:../src/app/main.c **** #include <stdint.h>
  13:../src/app/main.c **** 
  14:../src/app/main.c **** volatile uint8_t array[0x80];
  15:../src/app/main.c **** 
  16:../src/app/main.c **** volatile uint32_t temp32 = 0x32323232;
  17:../src/app/main.c **** 
  18:../src/app/main.c **** 
  19:../src/app/main.c **** void test(void)
  20:../src/app/main.c **** {
  35              		.loc 1 20 0
  36              		.cfi_startproc
  37              		@ args = 0, pretend = 0, frame = 8
  38              		@ frame_needed = 1, uses_anonymous_args = 0
  39              		@ link register save eliminated.
  40 0000 80B4     		push	{r7}
  41              	.LCFI0:
  42              		.cfi_def_cfa_offset 4
  43              		.cfi_offset 7, -4
  44 0002 83B0     		sub	sp, sp, #12
  45              	.LCFI1:
  46              		.cfi_def_cfa_offset 16
  47 0004 00AF     		add	r7, sp, #0
  48              	.LCFI2:
  49              		.cfi_def_cfa_register 7
  21:../src/app/main.c **** 	uint8_t cnt = 0;
  50              		.loc 1 21 0
  51 0006 4FF00003 		mov	r3, #0
  52 000a FB71     		strb	r3, [r7, #7]
  22:../src/app/main.c **** 	uint8_t sum = 0;
  53              		.loc 1 22 0
  54 000c 4FF00003 		mov	r3, #0
  55 0010 BB71     		strb	r3, [r7, #6]
  23:../src/app/main.c **** 
  24:../src/app/main.c **** 	for( cnt = 0; cnt < 10; cnt ++)
  56              		.loc 1 24 0
  57 0012 4FF00003 		mov	r3, #0
  58 0016 FB71     		strb	r3, [r7, #7]
  59 0018 07E0     		b	.L2
  60              	.L3:
  25:../src/app/main.c **** 	{
  26:../src/app/main.c **** 		sum += cnt;
  61              		.loc 1 26 0 discriminator 2
  62 001a BA79     		ldrb	r2, [r7, #6]
  63 001c FB79     		ldrb	r3, [r7, #7]
  64 001e D318     		adds	r3, r2, r3
  65 0020 BB71     		strb	r3, [r7, #6]
  24:../src/app/main.c **** 	for( cnt = 0; cnt < 10; cnt ++)
  66              		.loc 1 24 0 discriminator 2
  67 0022 FB79     		ldrb	r3, [r7, #7]
  68 0024 03F10103 		add	r3, r3, #1
  69 0028 FB71     		strb	r3, [r7, #7]
  70              	.L2:
  24:../src/app/main.c **** 	for( cnt = 0; cnt < 10; cnt ++)
  71              		.loc 1 24 0 is_stmt 0 discriminator 1
  72 002a FB79     		ldrb	r3, [r7, #7]	@ zero_extendqisi2
  73 002c 092B     		cmp	r3, #9
  74 002e F4D9     		bls	.L3
  27:../src/app/main.c **** 	}
  28:../src/app/main.c **** }
  75              		.loc 1 28 0 is_stmt 1
  76 0030 07F10C07 		add	r7, r7, #12
  77 0034 BD46     		mov	sp, r7
  78 0036 80BC     		pop	{r7}
  79 0038 7047     		bx	lr
  80              		.cfi_endproc
  81              	.LFE0:
  83 003a 00BF     		.align	2
  84              		.global	main
  85              		.thumb
  86              		.thumb_func
  88              	main:
  89              	.LFB1:
  29:../src/app/main.c **** 
  30:../src/app/main.c **** 
  31:../src/app/main.c **** 
  32:../src/app/main.c **** 
  33:../src/app/main.c **** int main(void)
  34:../src/app/main.c **** {
  90              		.loc 1 34 0
  91              		.cfi_startproc
  92              		@ args = 0, pretend = 0, frame = 8
  93              		@ frame_needed = 1, uses_anonymous_args = 0
  94 003c 80B5     		push	{r7, lr}
  95              	.LCFI3:
  96              		.cfi_def_cfa_offset 8
  97              		.cfi_offset 7, -8
  98              		.cfi_offset 14, -4
  99 003e 82B0     		sub	sp, sp, #8
 100              	.LCFI4:
 101              		.cfi_def_cfa_offset 16
 102 0040 00AF     		add	r7, sp, #0
 103              	.LCFI5:
 104              		.cfi_def_cfa_register 7
  35:../src/app/main.c **** 	volatile int count = 0;
 105              		.loc 1 35 0
 106 0042 4FF00003 		mov	r3, #0
 107 0046 7B60     		str	r3, [r7, #4]
 108              	.L5:
  36:../src/app/main.c **** 
  37:../src/app/main.c **** 	while(1)
  38:../src/app/main.c **** 	{
  39:../src/app/main.c **** 		count ++;
 109              		.loc 1 39 0 discriminator 1
 110 0048 7B68     		ldr	r3, [r7, #4]
 111 004a 03F10103 		add	r3, r3, #1
 112 004e 7B60     		str	r3, [r7, #4]
  40:../src/app/main.c **** 
  41:../src/app/main.c **** 		test();
 113              		.loc 1 41 0 discriminator 1
 114 0050 FFF7FEFF 		bl	test
  42:../src/app/main.c **** 	}
 115              		.loc 1 42 0 discriminator 1
 116 0054 F8E7     		b	.L5
 117              		.cfi_endproc
 118              	.LFE1:
 120              	.Letext0:
 121              		.file 2 "g:\\program files\\codesourcery\\sourcery_codebench_lite_for_arm_eabi\\bin\\../lib/gcc/ar
DEFINED SYMBOLS
                            *ABS*:00000000 main.c
                            *COM*:00000080 array
C:\Users\YANGZH~1\AppData\Local\Temp\ccw70Ijd.s:24     .data:00000000 temp32
C:\Users\YANGZH~1\AppData\Local\Temp\ccw70Ijd.s:21     .data:00000000 $d
C:\Users\YANGZH~1\AppData\Local\Temp\ccw70Ijd.s:27     .text:00000000 $t
C:\Users\YANGZH~1\AppData\Local\Temp\ccw70Ijd.s:32     .text:00000000 test
C:\Users\YANGZH~1\AppData\Local\Temp\ccw70Ijd.s:88     .text:0000003c main
                     .debug_frame:00000010 $d
                           .group:00000000 wm4.1.9fa2be94b3b27131c651c32db681ca6e
                           .group:00000000 wm4.stdint.h.10.90b695f550ca6cc3fb08fa83baf01e05

NO UNDEFINED SYMBOLS
