   1              		.syntax unified
   2              		.cpu cortex-m4
   3              		.fpu softvfp
   4              		.eabi_attribute 20, 1
   5              		.eabi_attribute 21, 1
   6              		.eabi_attribute 23, 3
   7              		.eabi_attribute 24, 1
   8              		.eabi_attribute 25, 1
   9              		.eabi_attribute 26, 1
  10              		.eabi_attribute 30, 6
  11              		.eabi_attribute 34, 1
  12              		.eabi_attribute 18, 4
  13              		.thumb
  14              		.file	"lpc177x_8x_gpdma.c"
  15              		.text
  16              	.Ltext0:
  17              		.cfi_sections	.debug_frame
  18              		.global	GPDMA_LUTPerAddr
  19              		.data
  20              		.align	2
  23              	GPDMA_LUTPerAddr:
  24 0000 00000000 		.word	0
  25 0004 80000C40 		.word	1074528384
  26 0008 08800840 		.word	1074298888
  27 000c 08800840 		.word	1074298888
  28 0010 08000340 		.word	1073938440
  29 0014 08000340 		.word	1073938440
  30 0018 08C00A40 		.word	1074446344
  31 001c 08C00A40 		.word	1074446344
  32 0020 04400340 		.word	1073954820
  33 0024 00C00840 		.word	1074315264
  34 0028 00C00040 		.word	1073790976
  35 002c 00C00040 		.word	1073790976
  36 0030 00000140 		.word	1073807360
  37 0034 00000140 		.word	1073807360
  38 0038 00800940 		.word	1074364416
  39 003c 00800940 		.word	1074364416
  40 0040 18400040 		.word	1073758232
  41 0044 1C400040 		.word	1073758236
  42 0048 18800040 		.word	1073774616
  43 004c 1C800040 		.word	1073774620
  44 0050 18000940 		.word	1074331672
  45 0054 1C000940 		.word	1074331676
  46 0058 08800A40 		.word	1074429960
  47 005c 0C800A40 		.word	1074429964
  48 0060 00000000 		.word	0
  49 0064 00000000 		.word	0
  50 0068 00C00940 		.word	1074380800
  51 006c 00C00940 		.word	1074380800
  52 0070 00400A40 		.word	1074413568
  53 0074 00400A40 		.word	1074413568
  54 0078 18400940 		.word	1074348056
  55 007c 1C400940 		.word	1074348060
  56              		.global	pGPDMACh
  57              		.align	2
  60              	pGPDMACh:
  61 0080 00010820 		.word	537395456
  62 0084 20010820 		.word	537395488
  63 0088 40010820 		.word	537395520
  64 008c 60010820 		.word	537395552
  65 0090 80010820 		.word	537395584
  66 0094 A0010820 		.word	537395616
  67 0098 C0010820 		.word	537395648
  68 009c E0010820 		.word	537395680
  69              		.global	GPDMA_LUTPerBurst
  70              		.section	.rodata
  71              		.align	2
  74              	GPDMA_LUTPerBurst:
  75 0000 00       		.byte	0
  76 0001 02       		.byte	2
  77 0002 01       		.byte	1
  78 0003 01       		.byte	1
  79 0004 01       		.byte	1
  80 0005 01       		.byte	1
  81 0006 01       		.byte	1
  82 0007 01       		.byte	1
  83 0008 00       		.byte	0
  84 0009 00       		.byte	0
  85 000a 00       		.byte	0
  86 000b 00       		.byte	0
  87 000c 00       		.byte	0
  88 000d 00       		.byte	0
  89 000e 00       		.byte	0
  90 000f 00       		.byte	0
  91 0010 00       		.byte	0
  92 0011 00       		.byte	0
  93 0012 00       		.byte	0
  94 0013 00       		.byte	0
  95 0014 00       		.byte	0
  96 0015 00       		.byte	0
  97 0016 04       		.byte	4
  98 0017 04       		.byte	4
  99 0018 00       		.byte	0
 100 0019 00       		.byte	0
 101 001a 00       		.byte	0
 102 001b 00       		.byte	0
 103 001c 00       		.byte	0
 104 001d 00       		.byte	0
 105 001e 00       		.byte	0
 106 001f 00       		.byte	0
 107              		.global	GPDMA_LUTPerWid
 108              		.align	2
 111              	GPDMA_LUTPerWid:
 112 0020 00       		.byte	0
 113 0021 02       		.byte	2
 114 0022 00       		.byte	0
 115 0023 00       		.byte	0
 116 0024 00       		.byte	0
 117 0025 00       		.byte	0
 118 0026 00       		.byte	0
 119 0027 00       		.byte	0
 120 0028 02       		.byte	2
 121 0029 00       		.byte	0
 122 002a 00       		.byte	0
 123 002b 00       		.byte	0
 124 002c 00       		.byte	0
 125 002d 00       		.byte	0
 126 002e 00       		.byte	0
 127 002f 00       		.byte	0
 128 0030 02       		.byte	2
 129 0031 02       		.byte	2
 130 0032 02       		.byte	2
 131 0033 02       		.byte	2
 132 0034 02       		.byte	2
 133 0035 02       		.byte	2
 134 0036 02       		.byte	2
 135 0037 02       		.byte	2
 136 0038 00       		.byte	0
 137 0039 00       		.byte	0
 138 003a 00       		.byte	0
 139 003b 00       		.byte	0
 140 003c 00       		.byte	0
 141 003d 00       		.byte	0
 142 003e 02       		.byte	2
 143 003f 02       		.byte	2
 144              		.text
 145              		.align	2
 146              		.global	GPDMA_Init
 147              		.thumb
 148              		.thumb_func
 150              	GPDMA_Init:
 151              	.LFB55:
 152              		.file 1 "../src/lib/lpc177x_8x/Drivers/source/lpc177x_8x_gpdma.c"
   1:../src/lib/lpc177x_8x/Drivers/source/lpc177x_8x_gpdma.c **** /**********************************************************************
   2:../src/lib/lpc177x_8x/Drivers/source/lpc177x_8x_gpdma.c **** * $Id$      lpc177x_8x_gpdma.c          2011-06-02
   3:../src/lib/lpc177x_8x/Drivers/source/lpc177x_8x_gpdma.c **** *//**
   4:../src/lib/lpc177x_8x/Drivers/source/lpc177x_8x_gpdma.c **** * @file     lpc177x_8x_gpdma.c
   5:../src/lib/lpc177x_8x/Drivers/source/lpc177x_8x_gpdma.c **** * @brief    Contains all functions support for GPDMA firmware library
   6:../src/lib/lpc177x_8x/Drivers/source/lpc177x_8x_gpdma.c **** *           on LPC177x_8x
   7:../src/lib/lpc177x_8x/Drivers/source/lpc177x_8x_gpdma.c **** * @version  1.0
   8:../src/lib/lpc177x_8x/Drivers/source/lpc177x_8x_gpdma.c **** * @date     02. June. 2011
   9:../src/lib/lpc177x_8x/Drivers/source/lpc177x_8x_gpdma.c **** * @author   NXP MCU SW Application Team
  10:../src/lib/lpc177x_8x/Drivers/source/lpc177x_8x_gpdma.c **** * 
  11:../src/lib/lpc177x_8x/Drivers/source/lpc177x_8x_gpdma.c **** * Copyright(C) 2011, NXP Semiconductor
  12:../src/lib/lpc177x_8x/Drivers/source/lpc177x_8x_gpdma.c **** * All rights reserved.
  13:../src/lib/lpc177x_8x/Drivers/source/lpc177x_8x_gpdma.c **** *
  14:../src/lib/lpc177x_8x/Drivers/source/lpc177x_8x_gpdma.c **** ***********************************************************************
  15:../src/lib/lpc177x_8x/Drivers/source/lpc177x_8x_gpdma.c **** * Software that is described herein is for illustrative purposes only
  16:../src/lib/lpc177x_8x/Drivers/source/lpc177x_8x_gpdma.c **** * which provides customers with programming information regarding the
  17:../src/lib/lpc177x_8x/Drivers/source/lpc177x_8x_gpdma.c **** * products. This software is supplied "AS IS" without any warranties.
  18:../src/lib/lpc177x_8x/Drivers/source/lpc177x_8x_gpdma.c **** * NXP Semiconductors assumes no responsibility or liability for the
  19:../src/lib/lpc177x_8x/Drivers/source/lpc177x_8x_gpdma.c **** * use of the software, conveys no license or title under any patent,
  20:../src/lib/lpc177x_8x/Drivers/source/lpc177x_8x_gpdma.c **** * copyright, or mask work right to the product. NXP Semiconductors
  21:../src/lib/lpc177x_8x/Drivers/source/lpc177x_8x_gpdma.c **** * reserves the right to make changes in the software without
  22:../src/lib/lpc177x_8x/Drivers/source/lpc177x_8x_gpdma.c **** * notification. NXP Semiconductors also make no representation or
  23:../src/lib/lpc177x_8x/Drivers/source/lpc177x_8x_gpdma.c **** * warranty that such application will be suitable for the specified
  24:../src/lib/lpc177x_8x/Drivers/source/lpc177x_8x_gpdma.c **** * use without further testing or modification.
  25:../src/lib/lpc177x_8x/Drivers/source/lpc177x_8x_gpdma.c **** * Permission to use, copy, modify, and distribute this software and its
  26:../src/lib/lpc177x_8x/Drivers/source/lpc177x_8x_gpdma.c **** * documentation is hereby granted, under NXP Semiconductors'
  27:../src/lib/lpc177x_8x/Drivers/source/lpc177x_8x_gpdma.c **** * relevant copyright in the software, without fee, provided that it
  28:../src/lib/lpc177x_8x/Drivers/source/lpc177x_8x_gpdma.c **** * is used in conjunction with NXP Semiconductors microcontrollers.  This
  29:../src/lib/lpc177x_8x/Drivers/source/lpc177x_8x_gpdma.c **** * copyright, permission, and disclaimer notice must appear in all copies of
  30:../src/lib/lpc177x_8x/Drivers/source/lpc177x_8x_gpdma.c **** * this code.
  31:../src/lib/lpc177x_8x/Drivers/source/lpc177x_8x_gpdma.c **** **********************************************************************/
  32:../src/lib/lpc177x_8x/Drivers/source/lpc177x_8x_gpdma.c **** 
  33:../src/lib/lpc177x_8x/Drivers/source/lpc177x_8x_gpdma.c **** /* Peripheral group ----------------------------------------------------------- */
  34:../src/lib/lpc177x_8x/Drivers/source/lpc177x_8x_gpdma.c **** /** @addtogroup GPDMA
  35:../src/lib/lpc177x_8x/Drivers/source/lpc177x_8x_gpdma.c ****  * @{
  36:../src/lib/lpc177x_8x/Drivers/source/lpc177x_8x_gpdma.c ****  */
  37:../src/lib/lpc177x_8x/Drivers/source/lpc177x_8x_gpdma.c **** #ifdef __BUILD_WITH_EXAMPLE__
  38:../src/lib/lpc177x_8x/Drivers/source/lpc177x_8x_gpdma.c **** #include "lpc177x_8x_libcfg.h"
  39:../src/lib/lpc177x_8x/Drivers/source/lpc177x_8x_gpdma.c **** #else
  40:../src/lib/lpc177x_8x/Drivers/source/lpc177x_8x_gpdma.c **** #include "lpc177x_8x_libcfg_default.h"
  41:../src/lib/lpc177x_8x/Drivers/source/lpc177x_8x_gpdma.c **** #endif /* __BUILD_WITH_EXAMPLE__ */
  42:../src/lib/lpc177x_8x/Drivers/source/lpc177x_8x_gpdma.c **** #ifdef _GPDMA
  43:../src/lib/lpc177x_8x/Drivers/source/lpc177x_8x_gpdma.c **** 
  44:../src/lib/lpc177x_8x/Drivers/source/lpc177x_8x_gpdma.c **** /* Includes ------------------------------------------------------------------- */
  45:../src/lib/lpc177x_8x/Drivers/source/lpc177x_8x_gpdma.c **** #include "lpc177x_8x_gpdma.h"
  46:../src/lib/lpc177x_8x/Drivers/source/lpc177x_8x_gpdma.c **** #include "lpc177x_8x_clkpwr.h"
  47:../src/lib/lpc177x_8x/Drivers/source/lpc177x_8x_gpdma.c **** 
  48:../src/lib/lpc177x_8x/Drivers/source/lpc177x_8x_gpdma.c **** /* Private Variables ---------------------------------------------------------- */
  49:../src/lib/lpc177x_8x/Drivers/source/lpc177x_8x_gpdma.c **** /** @defgroup GPDMA_Private_Variables GPDMA Private Variables
  50:../src/lib/lpc177x_8x/Drivers/source/lpc177x_8x_gpdma.c ****  * @{
  51:../src/lib/lpc177x_8x/Drivers/source/lpc177x_8x_gpdma.c ****  */
  52:../src/lib/lpc177x_8x/Drivers/source/lpc177x_8x_gpdma.c **** 
  53:../src/lib/lpc177x_8x/Drivers/source/lpc177x_8x_gpdma.c **** /**
  54:../src/lib/lpc177x_8x/Drivers/source/lpc177x_8x_gpdma.c ****  * @brief Lookup Table of Connection Type matched with
  55:../src/lib/lpc177x_8x/Drivers/source/lpc177x_8x_gpdma.c ****  * Peripheral Data (FIFO) register base address
  56:../src/lib/lpc177x_8x/Drivers/source/lpc177x_8x_gpdma.c ****  */
  57:../src/lib/lpc177x_8x/Drivers/source/lpc177x_8x_gpdma.c **** volatile const void *GPDMA_LUTPerAddr[] = {
  58:../src/lib/lpc177x_8x/Drivers/source/lpc177x_8x_gpdma.c ****         0,                              // Revered
  59:../src/lib/lpc177x_8x/Drivers/source/lpc177x_8x_gpdma.c ****         (&LPC_MCI->FIFO),               // SD Card
  60:../src/lib/lpc177x_8x/Drivers/source/lpc177x_8x_gpdma.c ****         (&LPC_SSP0->DR),                // SSP0 Tx
  61:../src/lib/lpc177x_8x/Drivers/source/lpc177x_8x_gpdma.c ****         (&LPC_SSP0->DR),                // SSP0 Rx
  62:../src/lib/lpc177x_8x/Drivers/source/lpc177x_8x_gpdma.c ****         (&LPC_SSP1->DR),                // SSP1 Tx
  63:../src/lib/lpc177x_8x/Drivers/source/lpc177x_8x_gpdma.c ****         (&LPC_SSP1->DR),                // SSP1 Rx
  64:../src/lib/lpc177x_8x/Drivers/source/lpc177x_8x_gpdma.c ****         (&LPC_SSP2->DR),                // SSP2 Tx
  65:../src/lib/lpc177x_8x/Drivers/source/lpc177x_8x_gpdma.c ****         (&LPC_SSP2->DR),                // SSP2 Rx
  66:../src/lib/lpc177x_8x/Drivers/source/lpc177x_8x_gpdma.c ****         (&LPC_ADC->GDR),                // ADC
  67:../src/lib/lpc177x_8x/Drivers/source/lpc177x_8x_gpdma.c ****         (&LPC_DAC->CR),                 // DAC
  68:../src/lib/lpc177x_8x/Drivers/source/lpc177x_8x_gpdma.c ****         (&LPC_UART0->/*RBTHDLR.*/THR),  // UART0 Tx
  69:../src/lib/lpc177x_8x/Drivers/source/lpc177x_8x_gpdma.c ****         (&LPC_UART0->/*RBTHDLR.*/RBR),  // UART0 Rx
  70:../src/lib/lpc177x_8x/Drivers/source/lpc177x_8x_gpdma.c ****         (&LPC_UART1->/*RBTHDLR.*/THR),  // UART1 Tx
  71:../src/lib/lpc177x_8x/Drivers/source/lpc177x_8x_gpdma.c ****         (&LPC_UART1->/*RBTHDLR.*/RBR),  // UART1 Rx
  72:../src/lib/lpc177x_8x/Drivers/source/lpc177x_8x_gpdma.c ****         (&LPC_UART2->/*RBTHDLR.*/THR),  // UART2 Tx
  73:../src/lib/lpc177x_8x/Drivers/source/lpc177x_8x_gpdma.c ****         (&LPC_UART2->/*RBTHDLR.*/RBR),  // UART2 Rx
  74:../src/lib/lpc177x_8x/Drivers/source/lpc177x_8x_gpdma.c ****         (&LPC_TIM0->MR0),               // MAT0.0
  75:../src/lib/lpc177x_8x/Drivers/source/lpc177x_8x_gpdma.c ****         (&LPC_TIM0->MR1),               // MAT0.1
  76:../src/lib/lpc177x_8x/Drivers/source/lpc177x_8x_gpdma.c ****         (&LPC_TIM1->MR0),               // MAT1.0
  77:../src/lib/lpc177x_8x/Drivers/source/lpc177x_8x_gpdma.c ****         (&LPC_TIM1->MR1),               // MAT1.1
  78:../src/lib/lpc177x_8x/Drivers/source/lpc177x_8x_gpdma.c ****         (&LPC_TIM2->MR0),               // MAT2.0
  79:../src/lib/lpc177x_8x/Drivers/source/lpc177x_8x_gpdma.c ****         (&LPC_TIM2->MR1),               // MAT2.1
  80:../src/lib/lpc177x_8x/Drivers/source/lpc177x_8x_gpdma.c ****         (&LPC_I2S->TXFIFO),             // I2S Tx
  81:../src/lib/lpc177x_8x/Drivers/source/lpc177x_8x_gpdma.c ****         (&LPC_I2S->RXFIFO),             // I2S Rx
  82:../src/lib/lpc177x_8x/Drivers/source/lpc177x_8x_gpdma.c ****         0,                              // Reverse
  83:../src/lib/lpc177x_8x/Drivers/source/lpc177x_8x_gpdma.c ****         0,                              // Reverse
  84:../src/lib/lpc177x_8x/Drivers/source/lpc177x_8x_gpdma.c ****         (&LPC_UART3->/*RBTHDLR.*/THR),  // UART3 Tx
  85:../src/lib/lpc177x_8x/Drivers/source/lpc177x_8x_gpdma.c ****         (&LPC_UART3->/*RBTHDLR.*/RBR),  // UART3 Rx
  86:../src/lib/lpc177x_8x/Drivers/source/lpc177x_8x_gpdma.c ****         (&LPC_UART4->/*RBTHDLR.*/THR),  // UART4 Tx
  87:../src/lib/lpc177x_8x/Drivers/source/lpc177x_8x_gpdma.c ****         (&LPC_UART4->/*RBTHDLR.*/RBR),  // UART4 Rx
  88:../src/lib/lpc177x_8x/Drivers/source/lpc177x_8x_gpdma.c ****         (&LPC_TIM3->MR0),               // MAT3.0
  89:../src/lib/lpc177x_8x/Drivers/source/lpc177x_8x_gpdma.c ****         (&LPC_TIM3->MR1),               // MAT3.1
  90:../src/lib/lpc177x_8x/Drivers/source/lpc177x_8x_gpdma.c **** };
  91:../src/lib/lpc177x_8x/Drivers/source/lpc177x_8x_gpdma.c **** 
  92:../src/lib/lpc177x_8x/Drivers/source/lpc177x_8x_gpdma.c **** /**
  93:../src/lib/lpc177x_8x/Drivers/source/lpc177x_8x_gpdma.c ****  * @brief Lookup Table of GPDMA Channel Number matched with
  94:../src/lib/lpc177x_8x/Drivers/source/lpc177x_8x_gpdma.c ****  * GPDMA channel pointer
  95:../src/lib/lpc177x_8x/Drivers/source/lpc177x_8x_gpdma.c ****  */
  96:../src/lib/lpc177x_8x/Drivers/source/lpc177x_8x_gpdma.c **** const LPC_GPDMACH_TypeDef *pGPDMACh[8] = {
  97:../src/lib/lpc177x_8x/Drivers/source/lpc177x_8x_gpdma.c ****         LPC_GPDMACH0,   // GPDMA Channel 0
  98:../src/lib/lpc177x_8x/Drivers/source/lpc177x_8x_gpdma.c ****         LPC_GPDMACH1,   // GPDMA Channel 1
  99:../src/lib/lpc177x_8x/Drivers/source/lpc177x_8x_gpdma.c ****         LPC_GPDMACH2,   // GPDMA Channel 2
 100:../src/lib/lpc177x_8x/Drivers/source/lpc177x_8x_gpdma.c ****         LPC_GPDMACH3,   // GPDMA Channel 3
 101:../src/lib/lpc177x_8x/Drivers/source/lpc177x_8x_gpdma.c ****         LPC_GPDMACH4,   // GPDMA Channel 4
 102:../src/lib/lpc177x_8x/Drivers/source/lpc177x_8x_gpdma.c ****         LPC_GPDMACH5,   // GPDMA Channel 5
 103:../src/lib/lpc177x_8x/Drivers/source/lpc177x_8x_gpdma.c ****         LPC_GPDMACH6,   // GPDMA Channel 6
 104:../src/lib/lpc177x_8x/Drivers/source/lpc177x_8x_gpdma.c ****         LPC_GPDMACH7,   // GPDMA Channel 7
 105:../src/lib/lpc177x_8x/Drivers/source/lpc177x_8x_gpdma.c **** };
 106:../src/lib/lpc177x_8x/Drivers/source/lpc177x_8x_gpdma.c **** /**
 107:../src/lib/lpc177x_8x/Drivers/source/lpc177x_8x_gpdma.c ****  * @brief Optimized Peripheral Source and Destination burst size
 108:../src/lib/lpc177x_8x/Drivers/source/lpc177x_8x_gpdma.c ****  */
 109:../src/lib/lpc177x_8x/Drivers/source/lpc177x_8x_gpdma.c **** const uint8_t GPDMA_LUTPerBurst[] = {
 110:../src/lib/lpc177x_8x/Drivers/source/lpc177x_8x_gpdma.c ****         0,                          // Reserved
 111:../src/lib/lpc177x_8x/Drivers/source/lpc177x_8x_gpdma.c ****         GPDMA_BSIZE_8,              // SD Card
 112:../src/lib/lpc177x_8x/Drivers/source/lpc177x_8x_gpdma.c ****         GPDMA_BSIZE_4,              // SSP0 Tx
 113:../src/lib/lpc177x_8x/Drivers/source/lpc177x_8x_gpdma.c ****         GPDMA_BSIZE_4,              // SSP0 Rx
 114:../src/lib/lpc177x_8x/Drivers/source/lpc177x_8x_gpdma.c ****         GPDMA_BSIZE_4,              // SSP1 Tx
 115:../src/lib/lpc177x_8x/Drivers/source/lpc177x_8x_gpdma.c ****         GPDMA_BSIZE_4,              // SSP1 Rx
 116:../src/lib/lpc177x_8x/Drivers/source/lpc177x_8x_gpdma.c ****         GPDMA_BSIZE_4,              // SSP2 Tx
 117:../src/lib/lpc177x_8x/Drivers/source/lpc177x_8x_gpdma.c ****         GPDMA_BSIZE_4,              // SSP2 Rx
 118:../src/lib/lpc177x_8x/Drivers/source/lpc177x_8x_gpdma.c ****         GPDMA_BSIZE_1,              // ADC
 119:../src/lib/lpc177x_8x/Drivers/source/lpc177x_8x_gpdma.c ****         GPDMA_BSIZE_1,              // DAC
 120:../src/lib/lpc177x_8x/Drivers/source/lpc177x_8x_gpdma.c ****         GPDMA_BSIZE_1,              // UART0 Tx
 121:../src/lib/lpc177x_8x/Drivers/source/lpc177x_8x_gpdma.c ****         GPDMA_BSIZE_1,              // UART0 Rx
 122:../src/lib/lpc177x_8x/Drivers/source/lpc177x_8x_gpdma.c ****         GPDMA_BSIZE_1,              // UART1 Tx
 123:../src/lib/lpc177x_8x/Drivers/source/lpc177x_8x_gpdma.c ****         GPDMA_BSIZE_1,              // UART1 Rx
 124:../src/lib/lpc177x_8x/Drivers/source/lpc177x_8x_gpdma.c ****         GPDMA_BSIZE_1,              // UART2 Tx
 125:../src/lib/lpc177x_8x/Drivers/source/lpc177x_8x_gpdma.c ****         GPDMA_BSIZE_1,              // UART2 Rx
 126:../src/lib/lpc177x_8x/Drivers/source/lpc177x_8x_gpdma.c ****         GPDMA_BSIZE_1,              // MAT0.0
 127:../src/lib/lpc177x_8x/Drivers/source/lpc177x_8x_gpdma.c ****         GPDMA_BSIZE_1,              // MAT0.1
 128:../src/lib/lpc177x_8x/Drivers/source/lpc177x_8x_gpdma.c ****         GPDMA_BSIZE_1,              // MAT1.0
 129:../src/lib/lpc177x_8x/Drivers/source/lpc177x_8x_gpdma.c ****         GPDMA_BSIZE_1,              // MAT1.1
 130:../src/lib/lpc177x_8x/Drivers/source/lpc177x_8x_gpdma.c ****         GPDMA_BSIZE_1,              // MAT2.0
 131:../src/lib/lpc177x_8x/Drivers/source/lpc177x_8x_gpdma.c ****         GPDMA_BSIZE_1,              // MAT2.1
 132:../src/lib/lpc177x_8x/Drivers/source/lpc177x_8x_gpdma.c ****         GPDMA_BSIZE_32,             // I2S channel 0
 133:../src/lib/lpc177x_8x/Drivers/source/lpc177x_8x_gpdma.c ****         GPDMA_BSIZE_32,             // I2S channel 1
 134:../src/lib/lpc177x_8x/Drivers/source/lpc177x_8x_gpdma.c ****         0,                          // Reserved
 135:../src/lib/lpc177x_8x/Drivers/source/lpc177x_8x_gpdma.c ****         0,                          // Reserved
 136:../src/lib/lpc177x_8x/Drivers/source/lpc177x_8x_gpdma.c ****         GPDMA_BSIZE_1,              // UART3 Tx
 137:../src/lib/lpc177x_8x/Drivers/source/lpc177x_8x_gpdma.c ****         GPDMA_BSIZE_1,              // UART3 Rx
 138:../src/lib/lpc177x_8x/Drivers/source/lpc177x_8x_gpdma.c ****         GPDMA_BSIZE_1,              // UART4 Tx
 139:../src/lib/lpc177x_8x/Drivers/source/lpc177x_8x_gpdma.c ****         GPDMA_BSIZE_1,              // UART4 Rx
 140:../src/lib/lpc177x_8x/Drivers/source/lpc177x_8x_gpdma.c ****         GPDMA_BSIZE_1,              // MAT3.0
 141:../src/lib/lpc177x_8x/Drivers/source/lpc177x_8x_gpdma.c ****         GPDMA_BSIZE_1,              // MAT3.1
 142:../src/lib/lpc177x_8x/Drivers/source/lpc177x_8x_gpdma.c **** };
 143:../src/lib/lpc177x_8x/Drivers/source/lpc177x_8x_gpdma.c **** /**
 144:../src/lib/lpc177x_8x/Drivers/source/lpc177x_8x_gpdma.c ****  * @brief Optimized Peripheral Source and Destination transfer width
 145:../src/lib/lpc177x_8x/Drivers/source/lpc177x_8x_gpdma.c ****  */
 146:../src/lib/lpc177x_8x/Drivers/source/lpc177x_8x_gpdma.c **** const uint8_t GPDMA_LUTPerWid[] = {
 147:../src/lib/lpc177x_8x/Drivers/source/lpc177x_8x_gpdma.c ****         0,                              // Reserved
 148:../src/lib/lpc177x_8x/Drivers/source/lpc177x_8x_gpdma.c ****         GPDMA_WIDTH_WORD,               // SD Card
 149:../src/lib/lpc177x_8x/Drivers/source/lpc177x_8x_gpdma.c ****         GPDMA_WIDTH_BYTE,               // SSP0 Tx
 150:../src/lib/lpc177x_8x/Drivers/source/lpc177x_8x_gpdma.c ****         GPDMA_WIDTH_BYTE,               // SSP0 Rx
 151:../src/lib/lpc177x_8x/Drivers/source/lpc177x_8x_gpdma.c ****         GPDMA_WIDTH_BYTE,               // SSP1 Tx
 152:../src/lib/lpc177x_8x/Drivers/source/lpc177x_8x_gpdma.c ****         GPDMA_WIDTH_BYTE,               // SSP1 Rx
 153:../src/lib/lpc177x_8x/Drivers/source/lpc177x_8x_gpdma.c ****         GPDMA_WIDTH_BYTE,               // SSP2 Tx
 154:../src/lib/lpc177x_8x/Drivers/source/lpc177x_8x_gpdma.c ****         GPDMA_WIDTH_BYTE,               // SSP2 Rx
 155:../src/lib/lpc177x_8x/Drivers/source/lpc177x_8x_gpdma.c ****         GPDMA_WIDTH_WORD,               // ADC
 156:../src/lib/lpc177x_8x/Drivers/source/lpc177x_8x_gpdma.c ****         GPDMA_WIDTH_BYTE,               // DAC
 157:../src/lib/lpc177x_8x/Drivers/source/lpc177x_8x_gpdma.c ****         GPDMA_WIDTH_BYTE,               // UART0 Tx
 158:../src/lib/lpc177x_8x/Drivers/source/lpc177x_8x_gpdma.c ****         GPDMA_WIDTH_BYTE,               // UART0 Rx
 159:../src/lib/lpc177x_8x/Drivers/source/lpc177x_8x_gpdma.c ****         GPDMA_WIDTH_BYTE,               // UART1 Tx
 160:../src/lib/lpc177x_8x/Drivers/source/lpc177x_8x_gpdma.c ****         GPDMA_WIDTH_BYTE,               // UART1 Rx
 161:../src/lib/lpc177x_8x/Drivers/source/lpc177x_8x_gpdma.c ****         GPDMA_WIDTH_BYTE,               // UART2 Tx
 162:../src/lib/lpc177x_8x/Drivers/source/lpc177x_8x_gpdma.c ****         GPDMA_WIDTH_BYTE,               // UART2 Rx
 163:../src/lib/lpc177x_8x/Drivers/source/lpc177x_8x_gpdma.c ****         GPDMA_WIDTH_WORD,               // MAT0.0
 164:../src/lib/lpc177x_8x/Drivers/source/lpc177x_8x_gpdma.c ****         GPDMA_WIDTH_WORD,               // MAT0.1
 165:../src/lib/lpc177x_8x/Drivers/source/lpc177x_8x_gpdma.c ****         GPDMA_WIDTH_WORD,               // MAT1.0
 166:../src/lib/lpc177x_8x/Drivers/source/lpc177x_8x_gpdma.c ****         GPDMA_WIDTH_WORD,               // MAT1.1
 167:../src/lib/lpc177x_8x/Drivers/source/lpc177x_8x_gpdma.c ****         GPDMA_WIDTH_WORD,               // MAT2.0
 168:../src/lib/lpc177x_8x/Drivers/source/lpc177x_8x_gpdma.c ****         GPDMA_WIDTH_WORD,               // MAT2.1
 169:../src/lib/lpc177x_8x/Drivers/source/lpc177x_8x_gpdma.c ****         GPDMA_WIDTH_WORD,               // I2S channel 0
 170:../src/lib/lpc177x_8x/Drivers/source/lpc177x_8x_gpdma.c ****         GPDMA_WIDTH_WORD,               // I2S channel 1
 171:../src/lib/lpc177x_8x/Drivers/source/lpc177x_8x_gpdma.c ****         0,                              // Reserved
 172:../src/lib/lpc177x_8x/Drivers/source/lpc177x_8x_gpdma.c ****         0,                              // Reserved
 173:../src/lib/lpc177x_8x/Drivers/source/lpc177x_8x_gpdma.c ****         GPDMA_WIDTH_BYTE,               // UART3 Tx
 174:../src/lib/lpc177x_8x/Drivers/source/lpc177x_8x_gpdma.c ****         GPDMA_WIDTH_BYTE,               // UART3 Rx
 175:../src/lib/lpc177x_8x/Drivers/source/lpc177x_8x_gpdma.c ****         GPDMA_WIDTH_BYTE,               // UART4 Tx
 176:../src/lib/lpc177x_8x/Drivers/source/lpc177x_8x_gpdma.c ****         GPDMA_WIDTH_BYTE,               // UART4 Rx
 177:../src/lib/lpc177x_8x/Drivers/source/lpc177x_8x_gpdma.c ****         GPDMA_WIDTH_WORD,               // MAT3.0
 178:../src/lib/lpc177x_8x/Drivers/source/lpc177x_8x_gpdma.c ****         GPDMA_WIDTH_WORD,               // MAT3.1
 179:../src/lib/lpc177x_8x/Drivers/source/lpc177x_8x_gpdma.c **** };
 180:../src/lib/lpc177x_8x/Drivers/source/lpc177x_8x_gpdma.c **** 
 181:../src/lib/lpc177x_8x/Drivers/source/lpc177x_8x_gpdma.c **** /**
 182:../src/lib/lpc177x_8x/Drivers/source/lpc177x_8x_gpdma.c ****  * @}
 183:../src/lib/lpc177x_8x/Drivers/source/lpc177x_8x_gpdma.c ****  */
 184:../src/lib/lpc177x_8x/Drivers/source/lpc177x_8x_gpdma.c **** 
 185:../src/lib/lpc177x_8x/Drivers/source/lpc177x_8x_gpdma.c **** /* Public Functions ----------------------------------------------------------- */
 186:../src/lib/lpc177x_8x/Drivers/source/lpc177x_8x_gpdma.c **** /** @addtogroup GPDMA_Public_Functions
 187:../src/lib/lpc177x_8x/Drivers/source/lpc177x_8x_gpdma.c ****  * @{
 188:../src/lib/lpc177x_8x/Drivers/source/lpc177x_8x_gpdma.c ****  */
 189:../src/lib/lpc177x_8x/Drivers/source/lpc177x_8x_gpdma.c **** 
 190:../src/lib/lpc177x_8x/Drivers/source/lpc177x_8x_gpdma.c **** /********************************************************************//**
 191:../src/lib/lpc177x_8x/Drivers/source/lpc177x_8x_gpdma.c ****  * @brief       Initialize GPDMA controller
 192:../src/lib/lpc177x_8x/Drivers/source/lpc177x_8x_gpdma.c ****  * @param       None
 193:../src/lib/lpc177x_8x/Drivers/source/lpc177x_8x_gpdma.c ****  * @return      None
 194:../src/lib/lpc177x_8x/Drivers/source/lpc177x_8x_gpdma.c ****  *********************************************************************/
 195:../src/lib/lpc177x_8x/Drivers/source/lpc177x_8x_gpdma.c **** void GPDMA_Init(void)
 196:../src/lib/lpc177x_8x/Drivers/source/lpc177x_8x_gpdma.c **** {
 153              		.loc 1 196 0
 154              		.cfi_startproc
 155              		@ args = 0, pretend = 0, frame = 0
 156              		@ frame_needed = 1, uses_anonymous_args = 0
 157 0000 80B5     		push	{r7, lr}
 158              	.LCFI0:
 159              		.cfi_def_cfa_offset 8
 160              		.cfi_offset 7, -8
 161              		.cfi_offset 14, -4
 162 0002 00AF     		add	r7, sp, #0
 163              	.LCFI1:
 164              		.cfi_def_cfa_register 7
 197:../src/lib/lpc177x_8x/Drivers/source/lpc177x_8x_gpdma.c ****     /* Enable GPDMA clock */
 198:../src/lib/lpc177x_8x/Drivers/source/lpc177x_8x_gpdma.c ****     CLKPWR_ConfigPPWR (CLKPWR_PCONP_PCGPDMA, ENABLE);
 165              		.loc 1 198 0
 166 0004 4FF00050 		mov	r0, #536870912
 167 0008 4FF00101 		mov	r1, #1
 168 000c FFF7FEFF 		bl	CLKPWR_ConfigPPWR
 199:../src/lib/lpc177x_8x/Drivers/source/lpc177x_8x_gpdma.c **** 
 200:../src/lib/lpc177x_8x/Drivers/source/lpc177x_8x_gpdma.c ****     // Reset all channel configuration register
 201:../src/lib/lpc177x_8x/Drivers/source/lpc177x_8x_gpdma.c ****     LPC_GPDMACH0->CConfig = 0;
 169              		.loc 1 201 0
 170 0010 144B     		ldr	r3, .L2
 171 0012 4FF00002 		mov	r2, #0
 172 0016 1A61     		str	r2, [r3, #16]
 202:../src/lib/lpc177x_8x/Drivers/source/lpc177x_8x_gpdma.c ****     LPC_GPDMACH1->CConfig = 0;
 173              		.loc 1 202 0
 174 0018 134B     		ldr	r3, .L2+4
 175 001a 4FF00002 		mov	r2, #0
 176 001e 1A61     		str	r2, [r3, #16]
 203:../src/lib/lpc177x_8x/Drivers/source/lpc177x_8x_gpdma.c ****     LPC_GPDMACH2->CConfig = 0;
 177              		.loc 1 203 0
 178 0020 124B     		ldr	r3, .L2+8
 179 0022 4FF00002 		mov	r2, #0
 180 0026 1A61     		str	r2, [r3, #16]
 204:../src/lib/lpc177x_8x/Drivers/source/lpc177x_8x_gpdma.c ****     LPC_GPDMACH3->CConfig = 0;
 181              		.loc 1 204 0
 182 0028 114B     		ldr	r3, .L2+12
 183 002a 4FF00002 		mov	r2, #0
 184 002e 1A61     		str	r2, [r3, #16]
 205:../src/lib/lpc177x_8x/Drivers/source/lpc177x_8x_gpdma.c ****     LPC_GPDMACH4->CConfig = 0;
 185              		.loc 1 205 0
 186 0030 104B     		ldr	r3, .L2+16
 187 0032 4FF00002 		mov	r2, #0
 188 0036 1A61     		str	r2, [r3, #16]
 206:../src/lib/lpc177x_8x/Drivers/source/lpc177x_8x_gpdma.c ****     LPC_GPDMACH5->CConfig = 0;
 189              		.loc 1 206 0
 190 0038 0F4B     		ldr	r3, .L2+20
 191 003a 4FF00002 		mov	r2, #0
 192 003e 1A61     		str	r2, [r3, #16]
 207:../src/lib/lpc177x_8x/Drivers/source/lpc177x_8x_gpdma.c ****     LPC_GPDMACH6->CConfig = 0;
 193              		.loc 1 207 0
 194 0040 0E4B     		ldr	r3, .L2+24
 195 0042 4FF00002 		mov	r2, #0
 196 0046 1A61     		str	r2, [r3, #16]
 208:../src/lib/lpc177x_8x/Drivers/source/lpc177x_8x_gpdma.c ****     LPC_GPDMACH7->CConfig = 0;
 197              		.loc 1 208 0
 198 0048 0D4B     		ldr	r3, .L2+28
 199 004a 4FF00002 		mov	r2, #0
 200 004e 1A61     		str	r2, [r3, #16]
 209:../src/lib/lpc177x_8x/Drivers/source/lpc177x_8x_gpdma.c **** 
 210:../src/lib/lpc177x_8x/Drivers/source/lpc177x_8x_gpdma.c ****     /* Clear all DMA interrupt and error flag */
 211:../src/lib/lpc177x_8x/Drivers/source/lpc177x_8x_gpdma.c ****     LPC_GPDMA->IntTCClear = 0xFF;
 201              		.loc 1 211 0
 202 0050 0C4B     		ldr	r3, .L2+32
 203 0052 4FF0FF02 		mov	r2, #255
 204 0056 9A60     		str	r2, [r3, #8]
 212:../src/lib/lpc177x_8x/Drivers/source/lpc177x_8x_gpdma.c ****     LPC_GPDMA->IntErrClr = 0xFF;
 205              		.loc 1 212 0
 206 0058 0A4B     		ldr	r3, .L2+32
 207 005a 4FF0FF02 		mov	r2, #255
 208 005e 1A61     		str	r2, [r3, #16]
 213:../src/lib/lpc177x_8x/Drivers/source/lpc177x_8x_gpdma.c **** }
 209              		.loc 1 213 0
 210 0060 80BD     		pop	{r7, pc}
 211              	.L3:
 212 0062 00BF     		.align	2
 213              	.L2:
 214 0064 00010820 		.word	537395456
 215 0068 20010820 		.word	537395488
 216 006c 40010820 		.word	537395520
 217 0070 60010820 		.word	537395552
 218 0074 80010820 		.word	537395584
 219 0078 A0010820 		.word	537395616
 220 007c C0010820 		.word	537395648
 221 0080 E0010820 		.word	537395680
 222 0084 00000820 		.word	537395200
 223              		.cfi_endproc
 224              	.LFE55:
 226              		.align	2
 227              		.global	GPDMA_Setup
 228              		.thumb
 229              		.thumb_func
 231              	GPDMA_Setup:
 232              	.LFB56:
 214:../src/lib/lpc177x_8x/Drivers/source/lpc177x_8x_gpdma.c **** 
 215:../src/lib/lpc177x_8x/Drivers/source/lpc177x_8x_gpdma.c **** /********************************************************************//**
 216:../src/lib/lpc177x_8x/Drivers/source/lpc177x_8x_gpdma.c ****  * @brief       Setup GPDMA channel peripheral according to the specified
 217:../src/lib/lpc177x_8x/Drivers/source/lpc177x_8x_gpdma.c ****  *               parameters in the GPDMAChannelConfig.
 218:../src/lib/lpc177x_8x/Drivers/source/lpc177x_8x_gpdma.c ****  * @param[in]   GPDMAChannelConfig Pointer to a GPDMA_CH_CFG_Type
 219:../src/lib/lpc177x_8x/Drivers/source/lpc177x_8x_gpdma.c ****  *                                  structure that contains the configuration
 220:../src/lib/lpc177x_8x/Drivers/source/lpc177x_8x_gpdma.c ****  *                                  information for the specified GPDMA channel peripheral.
 221:../src/lib/lpc177x_8x/Drivers/source/lpc177x_8x_gpdma.c ****  * @return      ERROR if selected channel is enabled before
 222:../src/lib/lpc177x_8x/Drivers/source/lpc177x_8x_gpdma.c ****  *              or SUCCESS if channel is configured successfully
 223:../src/lib/lpc177x_8x/Drivers/source/lpc177x_8x_gpdma.c ****  *********************************************************************/
 224:../src/lib/lpc177x_8x/Drivers/source/lpc177x_8x_gpdma.c **** Status GPDMA_Setup(GPDMA_Channel_CFG_Type *GPDMAChannelConfig)
 225:../src/lib/lpc177x_8x/Drivers/source/lpc177x_8x_gpdma.c **** {
 233              		.loc 1 225 0
 234              		.cfi_startproc
 235              		@ args = 0, pretend = 0, frame = 24
 236              		@ frame_needed = 1, uses_anonymous_args = 0
 237 0088 80B5     		push	{r7, lr}
 238              	.LCFI2:
 239              		.cfi_def_cfa_offset 8
 240              		.cfi_offset 7, -8
 241              		.cfi_offset 14, -4
 242 008a 86B0     		sub	sp, sp, #24
 243              	.LCFI3:
 244              		.cfi_def_cfa_offset 32
 245 008c 00AF     		add	r7, sp, #0
 246              	.LCFI4:
 247              		.cfi_def_cfa_register 7
 248 008e 7860     		str	r0, [r7, #4]
 226:../src/lib/lpc177x_8x/Drivers/source/lpc177x_8x_gpdma.c ****     LPC_GPDMACH_TypeDef *pDMAch;
 227:../src/lib/lpc177x_8x/Drivers/source/lpc177x_8x_gpdma.c ****     uint32_t tmp1, tmp2;
 228:../src/lib/lpc177x_8x/Drivers/source/lpc177x_8x_gpdma.c **** 
 229:../src/lib/lpc177x_8x/Drivers/source/lpc177x_8x_gpdma.c ****     if (LPC_GPDMA->EnbldChns & (GPDMA_DMACEnbldChns_Ch(GPDMAChannelConfig->ChannelNum))) {
 249              		.loc 1 229 0
 250 0090 654B     		ldr	r3, .L16
 251 0092 DA69     		ldr	r2, [r3, #28]
 252 0094 7B68     		ldr	r3, [r7, #4]
 253 0096 1B68     		ldr	r3, [r3, #0]
 254 0098 4FF00101 		mov	r1, #1
 255 009c 01FA03F3 		lsl	r3, r1, r3
 256 00a0 1340     		ands	r3, r3, r2
 257 00a2 DBB2     		uxtb	r3, r3
 258 00a4 002B     		cmp	r3, #0
 259 00a6 02D0     		beq	.L5
 230:../src/lib/lpc177x_8x/Drivers/source/lpc177x_8x_gpdma.c ****         // This channel is enabled, return ERROR, need to release this channel first
 231:../src/lib/lpc177x_8x/Drivers/source/lpc177x_8x_gpdma.c ****         return ERROR;
 260              		.loc 1 231 0
 261 00a8 4FF00003 		mov	r3, #0
 262 00ac B7E0     		b	.L6
 263              	.L5:
 232:../src/lib/lpc177x_8x/Drivers/source/lpc177x_8x_gpdma.c ****     }
 233:../src/lib/lpc177x_8x/Drivers/source/lpc177x_8x_gpdma.c **** 
 234:../src/lib/lpc177x_8x/Drivers/source/lpc177x_8x_gpdma.c ****     // Get Channel pointer
 235:../src/lib/lpc177x_8x/Drivers/source/lpc177x_8x_gpdma.c ****     pDMAch = (LPC_GPDMACH_TypeDef *) pGPDMACh[GPDMAChannelConfig->ChannelNum];
 264              		.loc 1 235 0
 265 00ae 7B68     		ldr	r3, [r7, #4]
 266 00b0 1A68     		ldr	r2, [r3, #0]
 267 00b2 5E4B     		ldr	r3, .L16+4
 268 00b4 53F82230 		ldr	r3, [r3, r2, lsl #2]
 269 00b8 7B61     		str	r3, [r7, #20]
 236:../src/lib/lpc177x_8x/Drivers/source/lpc177x_8x_gpdma.c **** 
 237:../src/lib/lpc177x_8x/Drivers/source/lpc177x_8x_gpdma.c ****     // Reset the Interrupt status
 238:../src/lib/lpc177x_8x/Drivers/source/lpc177x_8x_gpdma.c ****     LPC_GPDMA->IntTCClear = GPDMA_DMACIntTCClear_Ch(GPDMAChannelConfig->ChannelNum);
 270              		.loc 1 238 0
 271 00ba 5B4B     		ldr	r3, .L16
 272 00bc 7A68     		ldr	r2, [r7, #4]
 273 00be 1268     		ldr	r2, [r2, #0]
 274 00c0 4FF00101 		mov	r1, #1
 275 00c4 01FA02F2 		lsl	r2, r1, r2
 276 00c8 D2B2     		uxtb	r2, r2
 277 00ca 9A60     		str	r2, [r3, #8]
 239:../src/lib/lpc177x_8x/Drivers/source/lpc177x_8x_gpdma.c ****     LPC_GPDMA->IntErrClr = GPDMA_DMACIntErrClr_Ch(GPDMAChannelConfig->ChannelNum);
 278              		.loc 1 239 0
 279 00cc 564B     		ldr	r3, .L16
 280 00ce 7A68     		ldr	r2, [r7, #4]
 281 00d0 1268     		ldr	r2, [r2, #0]
 282 00d2 4FF00101 		mov	r1, #1
 283 00d6 01FA02F2 		lsl	r2, r1, r2
 284 00da D2B2     		uxtb	r2, r2
 285 00dc 1A61     		str	r2, [r3, #16]
 240:../src/lib/lpc177x_8x/Drivers/source/lpc177x_8x_gpdma.c **** 
 241:../src/lib/lpc177x_8x/Drivers/source/lpc177x_8x_gpdma.c ****     // Clear DMA configure
 242:../src/lib/lpc177x_8x/Drivers/source/lpc177x_8x_gpdma.c ****     pDMAch->CControl = 0x00;
 286              		.loc 1 242 0
 287 00de 7B69     		ldr	r3, [r7, #20]
 288 00e0 4FF00002 		mov	r2, #0
 289 00e4 DA60     		str	r2, [r3, #12]
 243:../src/lib/lpc177x_8x/Drivers/source/lpc177x_8x_gpdma.c ****     pDMAch->CConfig = 0x00;
 290              		.loc 1 243 0
 291 00e6 7B69     		ldr	r3, [r7, #20]
 292 00e8 4FF00002 		mov	r2, #0
 293 00ec 1A61     		str	r2, [r3, #16]
 244:../src/lib/lpc177x_8x/Drivers/source/lpc177x_8x_gpdma.c **** 
 245:../src/lib/lpc177x_8x/Drivers/source/lpc177x_8x_gpdma.c ****     /* Assign Linker List Item value */
 246:../src/lib/lpc177x_8x/Drivers/source/lpc177x_8x_gpdma.c ****     pDMAch->CLLI = GPDMAChannelConfig->DMALLI;
 294              		.loc 1 246 0
 295 00ee 7B68     		ldr	r3, [r7, #4]
 296 00f0 1A6A     		ldr	r2, [r3, #32]
 297 00f2 7B69     		ldr	r3, [r7, #20]
 298 00f4 9A60     		str	r2, [r3, #8]
 247:../src/lib/lpc177x_8x/Drivers/source/lpc177x_8x_gpdma.c **** 
 248:../src/lib/lpc177x_8x/Drivers/source/lpc177x_8x_gpdma.c ****     /* Set value to Channel Control Registers */
 249:../src/lib/lpc177x_8x/Drivers/source/lpc177x_8x_gpdma.c ****     GPDMA_SetupTransfer(GPDMAChannelConfig);
 299              		.loc 1 249 0
 300 00f6 7868     		ldr	r0, [r7, #4]
 301 00f8 FFF7FEFF 		bl	GPDMA_SetupTransfer
 250:../src/lib/lpc177x_8x/Drivers/source/lpc177x_8x_gpdma.c **** 
 251:../src/lib/lpc177x_8x/Drivers/source/lpc177x_8x_gpdma.c ****     /* Re-Configure DMA Request Select for source peripheral */
 252:../src/lib/lpc177x_8x/Drivers/source/lpc177x_8x_gpdma.c ****     if((GPDMAChannelConfig->SrcConn != 8)&&(GPDMAChannelConfig->SrcConn != 9))
 302              		.loc 1 252 0
 303 00fc 7B68     		ldr	r3, [r7, #4]
 304 00fe 9B69     		ldr	r3, [r3, #24]
 305 0100 082B     		cmp	r3, #8
 306 0102 26D0     		beq	.L7
 307              		.loc 1 252 0 is_stmt 0 discriminator 1
 308 0104 7B68     		ldr	r3, [r7, #4]
 309 0106 9B69     		ldr	r3, [r3, #24]
 310 0108 092B     		cmp	r3, #9
 311 010a 22D0     		beq	.L7
 253:../src/lib/lpc177x_8x/Drivers/source/lpc177x_8x_gpdma.c ****     {
 254:../src/lib/lpc177x_8x/Drivers/source/lpc177x_8x_gpdma.c ****         if (GPDMAChannelConfig->SrcConn > 15)
 312              		.loc 1 254 0 is_stmt 1
 313 010c 7B68     		ldr	r3, [r7, #4]
 314 010e 9B69     		ldr	r3, [r3, #24]
 315 0110 0F2B     		cmp	r3, #15
 316 0112 0FD9     		bls	.L8
 255:../src/lib/lpc177x_8x/Drivers/source/lpc177x_8x_gpdma.c ****         {
 256:../src/lib/lpc177x_8x/Drivers/source/lpc177x_8x_gpdma.c ****             LPC_SC->DMAREQSEL |= (1<<(GPDMAChannelConfig->SrcConn - 16));
 317              		.loc 1 256 0
 318 0114 464B     		ldr	r3, .L16+8
 319 0116 464A     		ldr	r2, .L16+8
 320 0118 D2F8C411 		ldr	r1, [r2, #452]
 321 011c 7A68     		ldr	r2, [r7, #4]
 322 011e 9269     		ldr	r2, [r2, #24]
 323 0120 A2F11002 		sub	r2, r2, #16
 324 0124 4FF00100 		mov	r0, #1
 325 0128 00FA02F2 		lsl	r2, r0, r2
 326 012c 0A43     		orrs	r2, r2, r1
 327 012e C3F8C421 		str	r2, [r3, #452]
 328 0132 0EE0     		b	.L7
 329              	.L8:
 257:../src/lib/lpc177x_8x/Drivers/source/lpc177x_8x_gpdma.c ****         } else {
 258:../src/lib/lpc177x_8x/Drivers/source/lpc177x_8x_gpdma.c ****             LPC_SC->DMAREQSEL &= ~(1<<(GPDMAChannelConfig->SrcConn));
 330              		.loc 1 258 0
 331 0134 3E4B     		ldr	r3, .L16+8
 332 0136 3E4A     		ldr	r2, .L16+8
 333 0138 D2F8C411 		ldr	r1, [r2, #452]
 334 013c 7A68     		ldr	r2, [r7, #4]
 335 013e 9269     		ldr	r2, [r2, #24]
 336 0140 4FF00100 		mov	r0, #1
 337 0144 00FA02F2 		lsl	r2, r0, r2
 338 0148 6FEA0202 		mvn	r2, r2
 339 014c 0A40     		ands	r2, r2, r1
 340 014e C3F8C421 		str	r2, [r3, #452]
 341              	.L7:
 259:../src/lib/lpc177x_8x/Drivers/source/lpc177x_8x_gpdma.c ****         }
 260:../src/lib/lpc177x_8x/Drivers/source/lpc177x_8x_gpdma.c ****     }
 261:../src/lib/lpc177x_8x/Drivers/source/lpc177x_8x_gpdma.c **** 
 262:../src/lib/lpc177x_8x/Drivers/source/lpc177x_8x_gpdma.c ****     /* Re-Configure DMA Request Select for Destination peripheral */
 263:../src/lib/lpc177x_8x/Drivers/source/lpc177x_8x_gpdma.c ****     if((GPDMAChannelConfig->DstConn != 8)&&(GPDMAChannelConfig->DstConn != 9))
 342              		.loc 1 263 0
 343 0152 7B68     		ldr	r3, [r7, #4]
 344 0154 DB69     		ldr	r3, [r3, #28]
 345 0156 082B     		cmp	r3, #8
 346 0158 26D0     		beq	.L9
 347              		.loc 1 263 0 is_stmt 0 discriminator 1
 348 015a 7B68     		ldr	r3, [r7, #4]
 349 015c DB69     		ldr	r3, [r3, #28]
 350 015e 092B     		cmp	r3, #9
 351 0160 22D0     		beq	.L9
 264:../src/lib/lpc177x_8x/Drivers/source/lpc177x_8x_gpdma.c ****     {
 265:../src/lib/lpc177x_8x/Drivers/source/lpc177x_8x_gpdma.c ****         if (GPDMAChannelConfig->DstConn > 15)
 352              		.loc 1 265 0 is_stmt 1
 353 0162 7B68     		ldr	r3, [r7, #4]
 354 0164 DB69     		ldr	r3, [r3, #28]
 355 0166 0F2B     		cmp	r3, #15
 356 0168 0FD9     		bls	.L10
 266:../src/lib/lpc177x_8x/Drivers/source/lpc177x_8x_gpdma.c ****         {
 267:../src/lib/lpc177x_8x/Drivers/source/lpc177x_8x_gpdma.c ****             LPC_SC->DMAREQSEL |= (1<<(GPDMAChannelConfig->DstConn - 16));
 357              		.loc 1 267 0
 358 016a 314B     		ldr	r3, .L16+8
 359 016c 304A     		ldr	r2, .L16+8
 360 016e D2F8C411 		ldr	r1, [r2, #452]
 361 0172 7A68     		ldr	r2, [r7, #4]
 362 0174 D269     		ldr	r2, [r2, #28]
 363 0176 A2F11002 		sub	r2, r2, #16
 364 017a 4FF00100 		mov	r0, #1
 365 017e 00FA02F2 		lsl	r2, r0, r2
 366 0182 0A43     		orrs	r2, r2, r1
 367 0184 C3F8C421 		str	r2, [r3, #452]
 368 0188 0EE0     		b	.L9
 369              	.L10:
 268:../src/lib/lpc177x_8x/Drivers/source/lpc177x_8x_gpdma.c ****         } else {
 269:../src/lib/lpc177x_8x/Drivers/source/lpc177x_8x_gpdma.c ****             LPC_SC->DMAREQSEL &= ~(1<<(GPDMAChannelConfig->DstConn));
 370              		.loc 1 269 0
 371 018a 294B     		ldr	r3, .L16+8
 372 018c 284A     		ldr	r2, .L16+8
 373 018e D2F8C411 		ldr	r1, [r2, #452]
 374 0192 7A68     		ldr	r2, [r7, #4]
 375 0194 D269     		ldr	r2, [r2, #28]
 376 0196 4FF00100 		mov	r0, #1
 377 019a 00FA02F2 		lsl	r2, r0, r2
 378 019e 6FEA0202 		mvn	r2, r2
 379 01a2 0A40     		ands	r2, r2, r1
 380 01a4 C3F8C421 		str	r2, [r3, #452]
 381              	.L9:
 270:../src/lib/lpc177x_8x/Drivers/source/lpc177x_8x_gpdma.c ****         }
 271:../src/lib/lpc177x_8x/Drivers/source/lpc177x_8x_gpdma.c ****     }
 272:../src/lib/lpc177x_8x/Drivers/source/lpc177x_8x_gpdma.c **** 
 273:../src/lib/lpc177x_8x/Drivers/source/lpc177x_8x_gpdma.c ****     /* Enable DMA channels, little endian */
 274:../src/lib/lpc177x_8x/Drivers/source/lpc177x_8x_gpdma.c ****     LPC_GPDMA->Config = GPDMA_DMACConfig_E;
 382              		.loc 1 274 0
 383 01a8 1F4B     		ldr	r3, .L16
 384 01aa 4FF00102 		mov	r2, #1
 385 01ae 1A63     		str	r2, [r3, #48]
 275:../src/lib/lpc177x_8x/Drivers/source/lpc177x_8x_gpdma.c ****     while (!(LPC_GPDMA->Config & GPDMA_DMACConfig_E));
 386              		.loc 1 275 0
 387 01b0 00BF     		nop
 388              	.L11:
 389              		.loc 1 275 0 is_stmt 0 discriminator 1
 390 01b2 1D4B     		ldr	r3, .L16
 391 01b4 1B6B     		ldr	r3, [r3, #48]
 392 01b6 03F00103 		and	r3, r3, #1
 393 01ba 002B     		cmp	r3, #0
 394 01bc F9D0     		beq	.L11
 276:../src/lib/lpc177x_8x/Drivers/source/lpc177x_8x_gpdma.c **** 
 277:../src/lib/lpc177x_8x/Drivers/source/lpc177x_8x_gpdma.c ****     // Calculate absolute value for Connection number
 278:../src/lib/lpc177x_8x/Drivers/source/lpc177x_8x_gpdma.c ****     tmp1 = GPDMAChannelConfig->SrcConn;
 395              		.loc 1 278 0 is_stmt 1
 396 01be 7B68     		ldr	r3, [r7, #4]
 397 01c0 9B69     		ldr	r3, [r3, #24]
 398 01c2 3B61     		str	r3, [r7, #16]
 279:../src/lib/lpc177x_8x/Drivers/source/lpc177x_8x_gpdma.c ****     tmp1 = ((tmp1 > 15) ? (tmp1 - 16) : tmp1);
 399              		.loc 1 279 0
 400 01c4 3B69     		ldr	r3, [r7, #16]
 401 01c6 0F2B     		cmp	r3, #15
 402 01c8 03D9     		bls	.L12
 403              		.loc 1 279 0 is_stmt 0 discriminator 1
 404 01ca 3B69     		ldr	r3, [r7, #16]
 405 01cc A3F11003 		sub	r3, r3, #16
 406 01d0 00E0     		b	.L13
 407              	.L12:
 408              		.loc 1 279 0 discriminator 2
 409 01d2 3B69     		ldr	r3, [r7, #16]
 410              	.L13:
 411              		.loc 1 279 0 discriminator 3
 412 01d4 3B61     		str	r3, [r7, #16]
 280:../src/lib/lpc177x_8x/Drivers/source/lpc177x_8x_gpdma.c ****     tmp2 = GPDMAChannelConfig->DstConn;
 413              		.loc 1 280 0 is_stmt 1 discriminator 3
 414 01d6 7B68     		ldr	r3, [r7, #4]
 415 01d8 DB69     		ldr	r3, [r3, #28]
 416 01da FB60     		str	r3, [r7, #12]
 281:../src/lib/lpc177x_8x/Drivers/source/lpc177x_8x_gpdma.c ****     tmp2 = ((tmp2 > 15) ? (tmp2 - 16) : tmp2);
 417              		.loc 1 281 0 discriminator 3
 418 01dc FB68     		ldr	r3, [r7, #12]
 419 01de 0F2B     		cmp	r3, #15
 420 01e0 03D9     		bls	.L14
 421              		.loc 1 281 0 is_stmt 0 discriminator 1
 422 01e2 FB68     		ldr	r3, [r7, #12]
 423 01e4 A3F11003 		sub	r3, r3, #16
 424 01e8 00E0     		b	.L15
 425              	.L14:
 426              		.loc 1 281 0 discriminator 2
 427 01ea FB68     		ldr	r3, [r7, #12]
 428              	.L15:
 429              		.loc 1 281 0 discriminator 3
 430 01ec FB60     		str	r3, [r7, #12]
 282:../src/lib/lpc177x_8x/Drivers/source/lpc177x_8x_gpdma.c **** 
 283:../src/lib/lpc177x_8x/Drivers/source/lpc177x_8x_gpdma.c ****     // Configure DMA Channel, enable Error Counter and Terminate counter
 284:../src/lib/lpc177x_8x/Drivers/source/lpc177x_8x_gpdma.c ****     pDMAch->CConfig = GPDMA_DMACCxConfig_IE | GPDMA_DMACCxConfig_ITC /*| GPDMA_DMACCxConfig_E*/ \
 285:../src/lib/lpc177x_8x/Drivers/source/lpc177x_8x_gpdma.c ****         | GPDMA_DMACCxConfig_TransferType((uint32_t)GPDMAChannelConfig->TransferType) \
 431              		.loc 1 285 0 is_stmt 1 discriminator 3
 432 01ee 7B68     		ldr	r3, [r7, #4]
 433 01f0 5B69     		ldr	r3, [r3, #20]
 434 01f2 03F00703 		and	r3, r3, #7
 435 01f6 4FEAC322 		lsl	r2, r3, #11
 286:../src/lib/lpc177x_8x/Drivers/source/lpc177x_8x_gpdma.c ****         | GPDMA_DMACCxConfig_SrcPeripheral(tmp1) \
 436              		.loc 1 286 0 discriminator 3
 437 01fa 3B69     		ldr	r3, [r7, #16]
 438 01fc 03F01F03 		and	r3, r3, #31
 439 0200 4FEA4303 		lsl	r3, r3, #1
 440 0204 1A43     		orrs	r2, r2, r3
 287:../src/lib/lpc177x_8x/Drivers/source/lpc177x_8x_gpdma.c ****         | GPDMA_DMACCxConfig_DestPeripheral(tmp2);
 441              		.loc 1 287 0 discriminator 3
 442 0206 FB68     		ldr	r3, [r7, #12]
 443 0208 03F01F03 		and	r3, r3, #31
 444 020c 4FEA8313 		lsl	r3, r3, #6
 445 0210 1343     		orrs	r3, r3, r2
 446 0212 43F44042 		orr	r2, r3, #49152
 284:../src/lib/lpc177x_8x/Drivers/source/lpc177x_8x_gpdma.c ****     pDMAch->CConfig = GPDMA_DMACCxConfig_IE | GPDMA_DMACCxConfig_ITC /*| GPDMA_DMACCxConfig_E*/ \
 447              		.loc 1 284 0 discriminator 3
 448 0216 7B69     		ldr	r3, [r7, #20]
 449 0218 1A61     		str	r2, [r3, #16]
 288:../src/lib/lpc177x_8x/Drivers/source/lpc177x_8x_gpdma.c **** 
 289:../src/lib/lpc177x_8x/Drivers/source/lpc177x_8x_gpdma.c ****     return SUCCESS;
 450              		.loc 1 289 0 discriminator 3
 451 021a 4FF00103 		mov	r3, #1
 452              	.L6:
 290:../src/lib/lpc177x_8x/Drivers/source/lpc177x_8x_gpdma.c **** }
 453              		.loc 1 290 0
 454 021e 1846     		mov	r0, r3
 455 0220 07F11807 		add	r7, r7, #24
 456 0224 BD46     		mov	sp, r7
 457 0226 80BD     		pop	{r7, pc}
 458              	.L17:
 459              		.align	2
 460              	.L16:
 461 0228 00000820 		.word	537395200
 462 022c 00000000 		.word	pGPDMACh
 463 0230 00C00F40 		.word	1074774016
 464              		.cfi_endproc
 465              	.LFE56:
 467              		.align	2
 468              		.global	GPDMA_SetupTransfer
 469              		.thumb
 470              		.thumb_func
 472              	GPDMA_SetupTransfer:
 473              	.LFB57:
 291:../src/lib/lpc177x_8x/Drivers/source/lpc177x_8x_gpdma.c **** /********************************************************************//**
 292:../src/lib/lpc177x_8x/Drivers/source/lpc177x_8x_gpdma.c ****  * @brief        Setup a GPDMA transfer according to the specified
 293:../src/lib/lpc177x_8x/Drivers/source/lpc177x_8x_gpdma.c ****  *               parameters in the GPDMAChannelConfig.
 294:../src/lib/lpc177x_8x/Drivers/source/lpc177x_8x_gpdma.c ****  * @param[in]    GPDMAChannelConfig Pointer to a GPDMA_CH_CFG_Type
 295:../src/lib/lpc177x_8x/Drivers/source/lpc177x_8x_gpdma.c ****  *                                     structure that contains the configuration
 296:../src/lib/lpc177x_8x/Drivers/source/lpc177x_8x_gpdma.c ****  *                                     information for the specified GPDMA channel peripheral.
 297:../src/lib/lpc177x_8x/Drivers/source/lpc177x_8x_gpdma.c ****  * @return       ERROR if selected channel is enabled before
 298:../src/lib/lpc177x_8x/Drivers/source/lpc177x_8x_gpdma.c ****  *               or SUCCESS if channel is configured successfully
 299:../src/lib/lpc177x_8x/Drivers/source/lpc177x_8x_gpdma.c ****  *********************************************************************/
 300:../src/lib/lpc177x_8x/Drivers/source/lpc177x_8x_gpdma.c **** Status GPDMA_SetupTransfer(GPDMA_Channel_CFG_Type *GPDMAChannelConfig)
 301:../src/lib/lpc177x_8x/Drivers/source/lpc177x_8x_gpdma.c **** {
 474              		.loc 1 301 0
 475              		.cfi_startproc
 476              		@ args = 0, pretend = 0, frame = 16
 477              		@ frame_needed = 1, uses_anonymous_args = 0
 478              		@ link register save eliminated.
 479 0234 80B4     		push	{r7}
 480              	.LCFI5:
 481              		.cfi_def_cfa_offset 4
 482              		.cfi_offset 7, -4
 483 0236 85B0     		sub	sp, sp, #20
 484              	.LCFI6:
 485              		.cfi_def_cfa_offset 24
 486 0238 00AF     		add	r7, sp, #0
 487              	.LCFI7:
 488              		.cfi_def_cfa_register 7
 489 023a 7860     		str	r0, [r7, #4]
 302:../src/lib/lpc177x_8x/Drivers/source/lpc177x_8x_gpdma.c ****     LPC_GPDMACH_TypeDef *pDMAch;
 303:../src/lib/lpc177x_8x/Drivers/source/lpc177x_8x_gpdma.c **** 
 304:../src/lib/lpc177x_8x/Drivers/source/lpc177x_8x_gpdma.c ****     // Get Channel pointer
 305:../src/lib/lpc177x_8x/Drivers/source/lpc177x_8x_gpdma.c ****     pDMAch = (LPC_GPDMACH_TypeDef *) pGPDMACh[GPDMAChannelConfig->ChannelNum];
 490              		.loc 1 305 0
 491 023c 7B68     		ldr	r3, [r7, #4]
 492 023e 1A68     		ldr	r2, [r3, #0]
 493 0240 7E4B     		ldr	r3, .L27
 494 0242 53F82230 		ldr	r3, [r3, r2, lsl #2]
 495 0246 FB60     		str	r3, [r7, #12]
 306:../src/lib/lpc177x_8x/Drivers/source/lpc177x_8x_gpdma.c **** 
 307:../src/lib/lpc177x_8x/Drivers/source/lpc177x_8x_gpdma.c ****     /* Set value to Channel Control Registers */
 308:../src/lib/lpc177x_8x/Drivers/source/lpc177x_8x_gpdma.c ****     switch (GPDMAChannelConfig->TransferType)
 496              		.loc 1 308 0
 497 0248 7B68     		ldr	r3, [r7, #4]
 498 024a 5B69     		ldr	r3, [r3, #20]
 499 024c 062B     		cmp	r3, #6
 500 024e 00F2E980 		bhi	.L19
 501 0252 01A2     		adr	r2, .L24
 502 0254 52F823F0 		ldr	pc, [r2, r3, lsl #2]
 503              		.align	2
 504              	.L24:
 505 0258 75020000 		.word	.L20+1
 506 025c BB020000 		.word	.L21+1
 507 0260 31030000 		.word	.L22+1
 508 0264 A7030000 		.word	.L23+1
 509 0268 25040000 		.word	.L19+1
 510 026c BB020000 		.word	.L21+1
 511 0270 31030000 		.word	.L22+1
 512              	.L20:
 309:../src/lib/lpc177x_8x/Drivers/source/lpc177x_8x_gpdma.c ****     {
 310:../src/lib/lpc177x_8x/Drivers/source/lpc177x_8x_gpdma.c ****     // Memory to memory
 311:../src/lib/lpc177x_8x/Drivers/source/lpc177x_8x_gpdma.c ****     case GPDMA_TRANSFERTYPE_M2M:
 312:../src/lib/lpc177x_8x/Drivers/source/lpc177x_8x_gpdma.c ****         // Assign physical source and destination address
 313:../src/lib/lpc177x_8x/Drivers/source/lpc177x_8x_gpdma.c ****         pDMAch->CSrcAddr = GPDMAChannelConfig->SrcMemAddr;
 513              		.loc 1 313 0
 514 0274 7B68     		ldr	r3, [r7, #4]
 515 0276 DA68     		ldr	r2, [r3, #12]
 516 0278 FB68     		ldr	r3, [r7, #12]
 517 027a 1A60     		str	r2, [r3, #0]
 314:../src/lib/lpc177x_8x/Drivers/source/lpc177x_8x_gpdma.c ****         pDMAch->CDestAddr = GPDMAChannelConfig->DstMemAddr;
 518              		.loc 1 314 0
 519 027c 7B68     		ldr	r3, [r7, #4]
 520 027e 1A69     		ldr	r2, [r3, #16]
 521 0280 FB68     		ldr	r3, [r7, #12]
 522 0282 5A60     		str	r2, [r3, #4]
 315:../src/lib/lpc177x_8x/Drivers/source/lpc177x_8x_gpdma.c ****         pDMAch->CControl
 316:../src/lib/lpc177x_8x/Drivers/source/lpc177x_8x_gpdma.c ****                 = GPDMA_DMACCxControl_TransferSize(GPDMAChannelConfig->TransferSize) \
 523              		.loc 1 316 0
 524 0284 7B68     		ldr	r3, [r7, #4]
 525 0286 5B68     		ldr	r3, [r3, #4]
 526 0288 4FEA0353 		lsl	r3, r3, #20
 527 028c 4FEA1353 		lsr	r3, r3, #20
 317:../src/lib/lpc177x_8x/Drivers/source/lpc177x_8x_gpdma.c ****                         | GPDMA_DMACCxControl_SBSize(GPDMA_BSIZE_32) \
 318:../src/lib/lpc177x_8x/Drivers/source/lpc177x_8x_gpdma.c ****                         | GPDMA_DMACCxControl_DBSize(GPDMA_BSIZE_32) \
 319:../src/lib/lpc177x_8x/Drivers/source/lpc177x_8x_gpdma.c ****                         | GPDMA_DMACCxControl_SWidth(GPDMAChannelConfig->TransferWidth) \
 528              		.loc 1 319 0
 529 0290 7A68     		ldr	r2, [r7, #4]
 530 0292 9268     		ldr	r2, [r2, #8]
 531 0294 02F00702 		and	r2, r2, #7
 532 0298 4FEA8242 		lsl	r2, r2, #18
 533 029c 1A43     		orrs	r2, r2, r3
 320:../src/lib/lpc177x_8x/Drivers/source/lpc177x_8x_gpdma.c ****                         | GPDMA_DMACCxControl_DWidth(GPDMAChannelConfig->TransferWidth) \
 534              		.loc 1 320 0
 535 029e 7B68     		ldr	r3, [r7, #4]
 536 02a0 9B68     		ldr	r3, [r3, #8]
 537 02a2 03F00703 		and	r3, r3, #7
 538 02a6 4FEA4353 		lsl	r3, r3, #21
 539 02aa 1343     		orrs	r3, r3, r2
 321:../src/lib/lpc177x_8x/Drivers/source/lpc177x_8x_gpdma.c ****                         | GPDMA_DMACCxControl_SI \
 322:../src/lib/lpc177x_8x/Drivers/source/lpc177x_8x_gpdma.c ****                         | GPDMA_DMACCxControl_DI \
 323:../src/lib/lpc177x_8x/Drivers/source/lpc177x_8x_gpdma.c ****                         | GPDMA_DMACCxControl_I;
 540              		.loc 1 323 0
 541 02ac 43F00C43 		orr	r3, r3, #-1946157056
 542 02b0 43F41033 		orr	r3, r3, #147456
 315:../src/lib/lpc177x_8x/Drivers/source/lpc177x_8x_gpdma.c ****         pDMAch->CControl
 543              		.loc 1 315 0
 544 02b4 FA68     		ldr	r2, [r7, #12]
 316:../src/lib/lpc177x_8x/Drivers/source/lpc177x_8x_gpdma.c ****                 = GPDMA_DMACCxControl_TransferSize(GPDMAChannelConfig->TransferSize) \
 545              		.loc 1 316 0
 546 02b6 D360     		str	r3, [r2, #12]
 324:../src/lib/lpc177x_8x/Drivers/source/lpc177x_8x_gpdma.c ****         break;
 547              		.loc 1 324 0
 548 02b8 B7E0     		b	.L25
 549              	.L21:
 325:../src/lib/lpc177x_8x/Drivers/source/lpc177x_8x_gpdma.c ****     // Memory to peripheral
 326:../src/lib/lpc177x_8x/Drivers/source/lpc177x_8x_gpdma.c ****     case GPDMA_TRANSFERTYPE_M2P:
 327:../src/lib/lpc177x_8x/Drivers/source/lpc177x_8x_gpdma.c ****     case GPDMA_TRANSFERTYPE_M2P_DEST_CTRL:
 328:../src/lib/lpc177x_8x/Drivers/source/lpc177x_8x_gpdma.c ****         // Assign physical source
 329:../src/lib/lpc177x_8x/Drivers/source/lpc177x_8x_gpdma.c ****         pDMAch->CSrcAddr = GPDMAChannelConfig->SrcMemAddr;
 550              		.loc 1 329 0
 551 02ba 7B68     		ldr	r3, [r7, #4]
 552 02bc DA68     		ldr	r2, [r3, #12]
 553 02be FB68     		ldr	r3, [r7, #12]
 554 02c0 1A60     		str	r2, [r3, #0]
 330:../src/lib/lpc177x_8x/Drivers/source/lpc177x_8x_gpdma.c ****         // Assign peripheral destination address
 331:../src/lib/lpc177x_8x/Drivers/source/lpc177x_8x_gpdma.c ****         pDMAch->CDestAddr = (uint32_t)GPDMA_LUTPerAddr[GPDMAChannelConfig->DstConn];
 555              		.loc 1 331 0
 556 02c2 7B68     		ldr	r3, [r7, #4]
 557 02c4 DA69     		ldr	r2, [r3, #28]
 558 02c6 5E4B     		ldr	r3, .L27+4
 559 02c8 53F82230 		ldr	r3, [r3, r2, lsl #2]
 560 02cc 1A46     		mov	r2, r3
 561 02ce FB68     		ldr	r3, [r7, #12]
 562 02d0 5A60     		str	r2, [r3, #4]
 332:../src/lib/lpc177x_8x/Drivers/source/lpc177x_8x_gpdma.c ****         pDMAch->CControl
 333:../src/lib/lpc177x_8x/Drivers/source/lpc177x_8x_gpdma.c ****                 = GPDMA_DMACCxControl_TransferSize((uint32_t)GPDMAChannelConfig->TransferSize) \
 563              		.loc 1 333 0
 564 02d2 7B68     		ldr	r3, [r7, #4]
 565 02d4 5B68     		ldr	r3, [r3, #4]
 566 02d6 4FEA0353 		lsl	r3, r3, #20
 567 02da 4FEA1353 		lsr	r3, r3, #20
 334:../src/lib/lpc177x_8x/Drivers/source/lpc177x_8x_gpdma.c ****                         | GPDMA_DMACCxControl_SBSize((uint32_t)GPDMA_LUTPerBurst[GPDMAChannelConfig
 568              		.loc 1 334 0
 569 02de 7A68     		ldr	r2, [r7, #4]
 570 02e0 D269     		ldr	r2, [r2, #28]
 571 02e2 5849     		ldr	r1, .L27+8
 572 02e4 8A5C     		ldrb	r2, [r1, r2]	@ zero_extendqisi2
 573 02e6 02F00702 		and	r2, r2, #7
 574 02ea 4FEA0232 		lsl	r2, r2, #12
 575 02ee 1A43     		orrs	r2, r2, r3
 335:../src/lib/lpc177x_8x/Drivers/source/lpc177x_8x_gpdma.c ****                         | GPDMA_DMACCxControl_DBSize((uint32_t)GPDMA_LUTPerBurst[GPDMAChannelConfig
 576              		.loc 1 335 0
 577 02f0 7B68     		ldr	r3, [r7, #4]
 578 02f2 DB69     		ldr	r3, [r3, #28]
 579 02f4 5349     		ldr	r1, .L27+8
 580 02f6 CB5C     		ldrb	r3, [r1, r3]	@ zero_extendqisi2
 581 02f8 03F00703 		and	r3, r3, #7
 582 02fc 4FEAC333 		lsl	r3, r3, #15
 583 0300 1A43     		orrs	r2, r2, r3
 336:../src/lib/lpc177x_8x/Drivers/source/lpc177x_8x_gpdma.c ****                         | GPDMA_DMACCxControl_SWidth((uint32_t)GPDMA_LUTPerWid[GPDMAChannelConfig->
 584              		.loc 1 336 0
 585 0302 7B68     		ldr	r3, [r7, #4]
 586 0304 DB69     		ldr	r3, [r3, #28]
 587 0306 5049     		ldr	r1, .L27+12
 588 0308 CB5C     		ldrb	r3, [r1, r3]	@ zero_extendqisi2
 589 030a 03F00703 		and	r3, r3, #7
 590 030e 4FEA8343 		lsl	r3, r3, #18
 591 0312 1A43     		orrs	r2, r2, r3
 337:../src/lib/lpc177x_8x/Drivers/source/lpc177x_8x_gpdma.c ****                         | GPDMA_DMACCxControl_DWidth((uint32_t)GPDMA_LUTPerWid[GPDMAChannelConfig->
 592              		.loc 1 337 0
 593 0314 7B68     		ldr	r3, [r7, #4]
 594 0316 DB69     		ldr	r3, [r3, #28]
 595 0318 4B49     		ldr	r1, .L27+12
 596 031a CB5C     		ldrb	r3, [r1, r3]	@ zero_extendqisi2
 597 031c 03F00703 		and	r3, r3, #7
 598 0320 4FEA4353 		lsl	r3, r3, #21
 599 0324 1343     		orrs	r3, r3, r2
 338:../src/lib/lpc177x_8x/Drivers/source/lpc177x_8x_gpdma.c ****                         | GPDMA_DMACCxControl_SI \
 339:../src/lib/lpc177x_8x/Drivers/source/lpc177x_8x_gpdma.c ****                         | GPDMA_DMACCxControl_I;
 600              		.loc 1 339 0
 601 0326 43F00442 		orr	r2, r3, #-2080374784
 332:../src/lib/lpc177x_8x/Drivers/source/lpc177x_8x_gpdma.c ****         pDMAch->CControl
 602              		.loc 1 332 0
 603 032a FB68     		ldr	r3, [r7, #12]
 333:../src/lib/lpc177x_8x/Drivers/source/lpc177x_8x_gpdma.c ****                 = GPDMA_DMACCxControl_TransferSize((uint32_t)GPDMAChannelConfig->TransferSize) \
 604              		.loc 1 333 0
 605 032c DA60     		str	r2, [r3, #12]
 340:../src/lib/lpc177x_8x/Drivers/source/lpc177x_8x_gpdma.c ****         break;
 606              		.loc 1 340 0
 607 032e 7CE0     		b	.L25
 608              	.L22:
 341:../src/lib/lpc177x_8x/Drivers/source/lpc177x_8x_gpdma.c ****     // Peripheral to memory
 342:../src/lib/lpc177x_8x/Drivers/source/lpc177x_8x_gpdma.c ****     case GPDMA_TRANSFERTYPE_P2M:
 343:../src/lib/lpc177x_8x/Drivers/source/lpc177x_8x_gpdma.c ****     case GPDMA_TRANSFERTYPE_P2M_SRC_CTRL:
 344:../src/lib/lpc177x_8x/Drivers/source/lpc177x_8x_gpdma.c ****         // Assign peripheral source address
 345:../src/lib/lpc177x_8x/Drivers/source/lpc177x_8x_gpdma.c ****         pDMAch->CSrcAddr = (uint32_t)GPDMA_LUTPerAddr[GPDMAChannelConfig->SrcConn];
 609              		.loc 1 345 0
 610 0330 7B68     		ldr	r3, [r7, #4]
 611 0332 9A69     		ldr	r2, [r3, #24]
 612 0334 424B     		ldr	r3, .L27+4
 613 0336 53F82230 		ldr	r3, [r3, r2, lsl #2]
 614 033a 1A46     		mov	r2, r3
 615 033c FB68     		ldr	r3, [r7, #12]
 616 033e 1A60     		str	r2, [r3, #0]
 346:../src/lib/lpc177x_8x/Drivers/source/lpc177x_8x_gpdma.c ****         // Assign memory destination address
 347:../src/lib/lpc177x_8x/Drivers/source/lpc177x_8x_gpdma.c ****         pDMAch->CDestAddr = GPDMAChannelConfig->DstMemAddr;
 617              		.loc 1 347 0
 618 0340 7B68     		ldr	r3, [r7, #4]
 619 0342 1A69     		ldr	r2, [r3, #16]
 620 0344 FB68     		ldr	r3, [r7, #12]
 621 0346 5A60     		str	r2, [r3, #4]
 348:../src/lib/lpc177x_8x/Drivers/source/lpc177x_8x_gpdma.c ****         pDMAch->CControl
 349:../src/lib/lpc177x_8x/Drivers/source/lpc177x_8x_gpdma.c ****                 = GPDMA_DMACCxControl_TransferSize((uint32_t)GPDMAChannelConfig->TransferSize) \
 622              		.loc 1 349 0
 623 0348 7B68     		ldr	r3, [r7, #4]
 624 034a 5B68     		ldr	r3, [r3, #4]
 625 034c 4FEA0353 		lsl	r3, r3, #20
 626 0350 4FEA1353 		lsr	r3, r3, #20
 350:../src/lib/lpc177x_8x/Drivers/source/lpc177x_8x_gpdma.c ****                         | GPDMA_DMACCxControl_SBSize((uint32_t)GPDMA_LUTPerBurst[GPDMAChannelConfig
 627              		.loc 1 350 0
 628 0354 7A68     		ldr	r2, [r7, #4]
 629 0356 9269     		ldr	r2, [r2, #24]
 630 0358 3A49     		ldr	r1, .L27+8
 631 035a 8A5C     		ldrb	r2, [r1, r2]	@ zero_extendqisi2
 632 035c 02F00702 		and	r2, r2, #7
 633 0360 4FEA0232 		lsl	r2, r2, #12
 634 0364 1A43     		orrs	r2, r2, r3
 351:../src/lib/lpc177x_8x/Drivers/source/lpc177x_8x_gpdma.c ****                         | GPDMA_DMACCxControl_DBSize((uint32_t)GPDMA_LUTPerBurst[GPDMAChannelConfig
 635              		.loc 1 351 0
 636 0366 7B68     		ldr	r3, [r7, #4]
 637 0368 9B69     		ldr	r3, [r3, #24]
 638 036a 3649     		ldr	r1, .L27+8
 639 036c CB5C     		ldrb	r3, [r1, r3]	@ zero_extendqisi2
 640 036e 03F00703 		and	r3, r3, #7
 641 0372 4FEAC333 		lsl	r3, r3, #15
 642 0376 1A43     		orrs	r2, r2, r3
 352:../src/lib/lpc177x_8x/Drivers/source/lpc177x_8x_gpdma.c ****                         | GPDMA_DMACCxControl_SWidth((uint32_t)GPDMA_LUTPerWid[GPDMAChannelConfig->
 643              		.loc 1 352 0
 644 0378 7B68     		ldr	r3, [r7, #4]
 645 037a 9B69     		ldr	r3, [r3, #24]
 646 037c 3249     		ldr	r1, .L27+12
 647 037e CB5C     		ldrb	r3, [r1, r3]	@ zero_extendqisi2
 648 0380 03F00703 		and	r3, r3, #7
 649 0384 4FEA8343 		lsl	r3, r3, #18
 650 0388 1A43     		orrs	r2, r2, r3
 353:../src/lib/lpc177x_8x/Drivers/source/lpc177x_8x_gpdma.c ****                         | GPDMA_DMACCxControl_DWidth((uint32_t)GPDMA_LUTPerWid[GPDMAChannelConfig->
 651              		.loc 1 353 0
 652 038a 7B68     		ldr	r3, [r7, #4]
 653 038c 9B69     		ldr	r3, [r3, #24]
 654 038e 2E49     		ldr	r1, .L27+12
 655 0390 CB5C     		ldrb	r3, [r1, r3]	@ zero_extendqisi2
 656 0392 03F00703 		and	r3, r3, #7
 657 0396 4FEA4353 		lsl	r3, r3, #21
 658 039a 1343     		orrs	r3, r3, r2
 354:../src/lib/lpc177x_8x/Drivers/source/lpc177x_8x_gpdma.c ****                         | GPDMA_DMACCxControl_DI \
 355:../src/lib/lpc177x_8x/Drivers/source/lpc177x_8x_gpdma.c ****                         | GPDMA_DMACCxControl_I;
 659              		.loc 1 355 0
 660 039c 43F00842 		orr	r2, r3, #-2013265920
 348:../src/lib/lpc177x_8x/Drivers/source/lpc177x_8x_gpdma.c ****         pDMAch->CControl
 661              		.loc 1 348 0
 662 03a0 FB68     		ldr	r3, [r7, #12]
 349:../src/lib/lpc177x_8x/Drivers/source/lpc177x_8x_gpdma.c ****                 = GPDMA_DMACCxControl_TransferSize((uint32_t)GPDMAChannelConfig->TransferSize) \
 663              		.loc 1 349 0
 664 03a2 DA60     		str	r2, [r3, #12]
 356:../src/lib/lpc177x_8x/Drivers/source/lpc177x_8x_gpdma.c ****         break;
 665              		.loc 1 356 0
 666 03a4 41E0     		b	.L25
 667              	.L23:
 357:../src/lib/lpc177x_8x/Drivers/source/lpc177x_8x_gpdma.c ****     // Peripheral to peripheral
 358:../src/lib/lpc177x_8x/Drivers/source/lpc177x_8x_gpdma.c ****     case GPDMA_TRANSFERTYPE_P2P:
 359:../src/lib/lpc177x_8x/Drivers/source/lpc177x_8x_gpdma.c ****         // Assign peripheral source address
 360:../src/lib/lpc177x_8x/Drivers/source/lpc177x_8x_gpdma.c ****         pDMAch->CSrcAddr = (uint32_t)GPDMA_LUTPerAddr[GPDMAChannelConfig->SrcConn];
 668              		.loc 1 360 0
 669 03a6 7B68     		ldr	r3, [r7, #4]
 670 03a8 9A69     		ldr	r2, [r3, #24]
 671 03aa 254B     		ldr	r3, .L27+4
 672 03ac 53F82230 		ldr	r3, [r3, r2, lsl #2]
 673 03b0 1A46     		mov	r2, r3
 674 03b2 FB68     		ldr	r3, [r7, #12]
 675 03b4 1A60     		str	r2, [r3, #0]
 361:../src/lib/lpc177x_8x/Drivers/source/lpc177x_8x_gpdma.c ****         // Assign peripheral destination address
 362:../src/lib/lpc177x_8x/Drivers/source/lpc177x_8x_gpdma.c ****         pDMAch->CDestAddr = (uint32_t)GPDMA_LUTPerAddr[GPDMAChannelConfig->DstConn];
 676              		.loc 1 362 0
 677 03b6 7B68     		ldr	r3, [r7, #4]
 678 03b8 DA69     		ldr	r2, [r3, #28]
 679 03ba 214B     		ldr	r3, .L27+4
 680 03bc 53F82230 		ldr	r3, [r3, r2, lsl #2]
 681 03c0 1A46     		mov	r2, r3
 682 03c2 FB68     		ldr	r3, [r7, #12]
 683 03c4 5A60     		str	r2, [r3, #4]
 363:../src/lib/lpc177x_8x/Drivers/source/lpc177x_8x_gpdma.c ****         pDMAch->CControl = GPDMA_DMACCxControl_TransferSize((uint32_t)GPDMAChannelConfig->TransferS
 684              		.loc 1 363 0
 685 03c6 7B68     		ldr	r3, [r7, #4]
 686 03c8 5B68     		ldr	r3, [r3, #4]
 687 03ca 4FEA0353 		lsl	r3, r3, #20
 688 03ce 4FEA1353 		lsr	r3, r3, #20
 364:../src/lib/lpc177x_8x/Drivers/source/lpc177x_8x_gpdma.c ****                         | GPDMA_DMACCxControl_SBSize((uint32_t)GPDMA_LUTPerBurst[GPDMAChannelConfig
 689              		.loc 1 364 0
 690 03d2 7A68     		ldr	r2, [r7, #4]
 691 03d4 9269     		ldr	r2, [r2, #24]
 692 03d6 1B49     		ldr	r1, .L27+8
 693 03d8 8A5C     		ldrb	r2, [r1, r2]	@ zero_extendqisi2
 694 03da 02F00702 		and	r2, r2, #7
 695 03de 4FEA0232 		lsl	r2, r2, #12
 696 03e2 1A43     		orrs	r2, r2, r3
 365:../src/lib/lpc177x_8x/Drivers/source/lpc177x_8x_gpdma.c ****                         | GPDMA_DMACCxControl_DBSize((uint32_t)GPDMA_LUTPerBurst[GPDMAChannelConfig
 697              		.loc 1 365 0
 698 03e4 7B68     		ldr	r3, [r7, #4]
 699 03e6 DB69     		ldr	r3, [r3, #28]
 700 03e8 1649     		ldr	r1, .L27+8
 701 03ea CB5C     		ldrb	r3, [r1, r3]	@ zero_extendqisi2
 702 03ec 03F00703 		and	r3, r3, #7
 703 03f0 4FEAC333 		lsl	r3, r3, #15
 704 03f4 1A43     		orrs	r2, r2, r3
 366:../src/lib/lpc177x_8x/Drivers/source/lpc177x_8x_gpdma.c ****                         | GPDMA_DMACCxControl_SWidth((uint32_t)GPDMA_LUTPerWid[GPDMAChannelConfig->
 705              		.loc 1 366 0
 706 03f6 7B68     		ldr	r3, [r7, #4]
 707 03f8 9B69     		ldr	r3, [r3, #24]
 708 03fa 1349     		ldr	r1, .L27+12
 709 03fc CB5C     		ldrb	r3, [r1, r3]	@ zero_extendqisi2
 710 03fe 03F00703 		and	r3, r3, #7
 711 0402 4FEA8343 		lsl	r3, r3, #18
 712 0406 1A43     		orrs	r2, r2, r3
 367:../src/lib/lpc177x_8x/Drivers/source/lpc177x_8x_gpdma.c ****                         | GPDMA_DMACCxControl_DWidth((uint32_t)GPDMA_LUTPerWid[GPDMAChannelConfig->
 713              		.loc 1 367 0
 714 0408 7B68     		ldr	r3, [r7, #4]
 715 040a DB69     		ldr	r3, [r3, #28]
 716 040c 0E49     		ldr	r1, .L27+12
 717 040e CB5C     		ldrb	r3, [r1, r3]	@ zero_extendqisi2
 718 0410 03F00703 		and	r3, r3, #7
 719 0414 4FEA4353 		lsl	r3, r3, #21
 720 0418 1343     		orrs	r3, r3, r2
 368:../src/lib/lpc177x_8x/Drivers/source/lpc177x_8x_gpdma.c ****                         | GPDMA_DMACCxControl_I;
 721              		.loc 1 368 0
 722 041a 43F00042 		orr	r2, r3, #-2147483648
 363:../src/lib/lpc177x_8x/Drivers/source/lpc177x_8x_gpdma.c ****         pDMAch->CControl = GPDMA_DMACCxControl_TransferSize((uint32_t)GPDMAChannelConfig->TransferS
 723              		.loc 1 363 0
 724 041e FB68     		ldr	r3, [r7, #12]
 725 0420 DA60     		str	r2, [r3, #12]
 369:../src/lib/lpc177x_8x/Drivers/source/lpc177x_8x_gpdma.c ****         break;
 726              		.loc 1 369 0
 727 0422 02E0     		b	.L25
 728              	.L19:
 370:../src/lib/lpc177x_8x/Drivers/source/lpc177x_8x_gpdma.c ****     // Do not support any more transfer type, return ERROR
 371:../src/lib/lpc177x_8x/Drivers/source/lpc177x_8x_gpdma.c ****     default:
 372:../src/lib/lpc177x_8x/Drivers/source/lpc177x_8x_gpdma.c ****         return ERROR;
 729              		.loc 1 372 0
 730 0424 4FF00003 		mov	r3, #0
 731 0428 01E0     		b	.L26
 732              	.L25:
 373:../src/lib/lpc177x_8x/Drivers/source/lpc177x_8x_gpdma.c ****     }
 374:../src/lib/lpc177x_8x/Drivers/source/lpc177x_8x_gpdma.c **** 
 375:../src/lib/lpc177x_8x/Drivers/source/lpc177x_8x_gpdma.c **** 
 376:../src/lib/lpc177x_8x/Drivers/source/lpc177x_8x_gpdma.c ****     return SUCCESS;
 733              		.loc 1 376 0
 734 042a 4FF00103 		mov	r3, #1
 735              	.L26:
 377:../src/lib/lpc177x_8x/Drivers/source/lpc177x_8x_gpdma.c **** }
 736              		.loc 1 377 0
 737 042e 1846     		mov	r0, r3
 738 0430 07F11407 		add	r7, r7, #20
 739 0434 BD46     		mov	sp, r7
 740 0436 80BC     		pop	{r7}
 741 0438 7047     		bx	lr
 742              	.L28:
 743 043a 00BF     		.align	2
 744              	.L27:
 745 043c 00000000 		.word	pGPDMACh
 746 0440 00000000 		.word	GPDMA_LUTPerAddr
 747 0444 00000000 		.word	GPDMA_LUTPerBurst
 748 0448 00000000 		.word	GPDMA_LUTPerWid
 749              		.cfi_endproc
 750              	.LFE57:
 752              		.align	2
 753              		.global	GPDMA_ChannelCmd
 754              		.thumb
 755              		.thumb_func
 757              	GPDMA_ChannelCmd:
 758              	.LFB58:
 378:../src/lib/lpc177x_8x/Drivers/source/lpc177x_8x_gpdma.c **** 
 379:../src/lib/lpc177x_8x/Drivers/source/lpc177x_8x_gpdma.c **** 
 380:../src/lib/lpc177x_8x/Drivers/source/lpc177x_8x_gpdma.c **** /*********************************************************************//**
 381:../src/lib/lpc177x_8x/Drivers/source/lpc177x_8x_gpdma.c ****  * @brief       Enable/Disable DMA channel
 382:../src/lib/lpc177x_8x/Drivers/source/lpc177x_8x_gpdma.c ****  * @param[in]   channelNum  GPDMA channel, should be in range from 0 to 7
 383:../src/lib/lpc177x_8x/Drivers/source/lpc177x_8x_gpdma.c ****  * @param[in]   NewState    New State of this command, should be:
 384:../src/lib/lpc177x_8x/Drivers/source/lpc177x_8x_gpdma.c ****  *                  - ENABLE.
 385:../src/lib/lpc177x_8x/Drivers/source/lpc177x_8x_gpdma.c ****  *                  - DISABLE.
 386:../src/lib/lpc177x_8x/Drivers/source/lpc177x_8x_gpdma.c ****  * @return      None
 387:../src/lib/lpc177x_8x/Drivers/source/lpc177x_8x_gpdma.c ****  **********************************************************************/
 388:../src/lib/lpc177x_8x/Drivers/source/lpc177x_8x_gpdma.c **** void GPDMA_ChannelCmd(uint8_t channelNum, FunctionalState NewState)
 389:../src/lib/lpc177x_8x/Drivers/source/lpc177x_8x_gpdma.c **** {
 759              		.loc 1 389 0
 760              		.cfi_startproc
 761              		@ args = 0, pretend = 0, frame = 16
 762              		@ frame_needed = 1, uses_anonymous_args = 0
 763              		@ link register save eliminated.
 764 044c 80B4     		push	{r7}
 765              	.LCFI8:
 766              		.cfi_def_cfa_offset 4
 767              		.cfi_offset 7, -4
 768 044e 85B0     		sub	sp, sp, #20
 769              	.LCFI9:
 770              		.cfi_def_cfa_offset 24
 771 0450 00AF     		add	r7, sp, #0
 772              	.LCFI10:
 773              		.cfi_def_cfa_register 7
 774 0452 0246     		mov	r2, r0
 775 0454 0B46     		mov	r3, r1
 776 0456 FA71     		strb	r2, [r7, #7]
 777 0458 BB71     		strb	r3, [r7, #6]
 390:../src/lib/lpc177x_8x/Drivers/source/lpc177x_8x_gpdma.c ****     LPC_GPDMACH_TypeDef *pDMAch;
 391:../src/lib/lpc177x_8x/Drivers/source/lpc177x_8x_gpdma.c **** 
 392:../src/lib/lpc177x_8x/Drivers/source/lpc177x_8x_gpdma.c ****     // Get Channel pointer
 393:../src/lib/lpc177x_8x/Drivers/source/lpc177x_8x_gpdma.c ****     pDMAch = (LPC_GPDMACH_TypeDef *) pGPDMACh[channelNum];
 778              		.loc 1 393 0
 779 045a FA79     		ldrb	r2, [r7, #7]	@ zero_extendqisi2
 780 045c 0C4B     		ldr	r3, .L32
 781 045e 53F82230 		ldr	r3, [r3, r2, lsl #2]
 782 0462 FB60     		str	r3, [r7, #12]
 394:../src/lib/lpc177x_8x/Drivers/source/lpc177x_8x_gpdma.c **** 
 395:../src/lib/lpc177x_8x/Drivers/source/lpc177x_8x_gpdma.c ****     if (NewState == ENABLE) {
 783              		.loc 1 395 0
 784 0464 BB79     		ldrb	r3, [r7, #6]	@ zero_extendqisi2
 785 0466 012B     		cmp	r3, #1
 786 0468 06D1     		bne	.L30
 396:../src/lib/lpc177x_8x/Drivers/source/lpc177x_8x_gpdma.c ****         pDMAch->CConfig |= GPDMA_DMACCxConfig_E;
 787              		.loc 1 396 0
 788 046a FB68     		ldr	r3, [r7, #12]
 789 046c 1B69     		ldr	r3, [r3, #16]
 790 046e 43F00102 		orr	r2, r3, #1
 791 0472 FB68     		ldr	r3, [r7, #12]
 792 0474 1A61     		str	r2, [r3, #16]
 793 0476 05E0     		b	.L29
 794              	.L30:
 397:../src/lib/lpc177x_8x/Drivers/source/lpc177x_8x_gpdma.c ****     } else {
 398:../src/lib/lpc177x_8x/Drivers/source/lpc177x_8x_gpdma.c ****         pDMAch->CConfig &= ~GPDMA_DMACCxConfig_E;
 795              		.loc 1 398 0
 796 0478 FB68     		ldr	r3, [r7, #12]
 797 047a 1B69     		ldr	r3, [r3, #16]
 798 047c 23F00102 		bic	r2, r3, #1
 799 0480 FB68     		ldr	r3, [r7, #12]
 800 0482 1A61     		str	r2, [r3, #16]
 801              	.L29:
 399:../src/lib/lpc177x_8x/Drivers/source/lpc177x_8x_gpdma.c ****     }
 400:../src/lib/lpc177x_8x/Drivers/source/lpc177x_8x_gpdma.c **** }
 802              		.loc 1 400 0
 803 0484 07F11407 		add	r7, r7, #20
 804 0488 BD46     		mov	sp, r7
 805 048a 80BC     		pop	{r7}
 806 048c 7047     		bx	lr
 807              	.L33:
 808 048e 00BF     		.align	2
 809              	.L32:
 810 0490 00000000 		.word	pGPDMACh
 811              		.cfi_endproc
 812              	.LFE58:
 814              		.align	2
 815              		.global	GPDMA_IntGetStatus
 816              		.thumb
 817              		.thumb_func
 819              	GPDMA_IntGetStatus:
 820              	.LFB59:
 401:../src/lib/lpc177x_8x/Drivers/source/lpc177x_8x_gpdma.c **** /*********************************************************************//**
 402:../src/lib/lpc177x_8x/Drivers/source/lpc177x_8x_gpdma.c ****  * @brief       Check if corresponding channel does have an active interrupt
 403:../src/lib/lpc177x_8x/Drivers/source/lpc177x_8x_gpdma.c ****  *              request or not
 404:../src/lib/lpc177x_8x/Drivers/source/lpc177x_8x_gpdma.c ****  * @param[in]   type        type of status, should be:
 405:../src/lib/lpc177x_8x/Drivers/source/lpc177x_8x_gpdma.c ****  *                  - GPDMA_STAT_INT:       GPDMA Interrupt Status
 406:../src/lib/lpc177x_8x/Drivers/source/lpc177x_8x_gpdma.c ****  *                  - GPDMA_STAT_INTTC:     GPDMA Interrupt Terminal Count Request Status
 407:../src/lib/lpc177x_8x/Drivers/source/lpc177x_8x_gpdma.c ****  *                  - GPDMA_STAT_INTERR:    GPDMA Interrupt Error Status
 408:../src/lib/lpc177x_8x/Drivers/source/lpc177x_8x_gpdma.c ****  *                  - GPDMA_STAT_RAWINTTC:  GPDMA Raw Interrupt Terminal Count Status
 409:../src/lib/lpc177x_8x/Drivers/source/lpc177x_8x_gpdma.c ****  *                  - GPDMA_STAT_RAWINTERR: GPDMA Raw Error Interrupt Status
 410:../src/lib/lpc177x_8x/Drivers/source/lpc177x_8x_gpdma.c ****  *                  - GPDMA_STAT_ENABLED_CH:GPDMA Enabled Channel Status
 411:../src/lib/lpc177x_8x/Drivers/source/lpc177x_8x_gpdma.c ****  * @param[in]   channel     GPDMA channel, should be in range from 0 to 7
 412:../src/lib/lpc177x_8x/Drivers/source/lpc177x_8x_gpdma.c ****  * @return      IntStatus   status of DMA channel interrupt after masking
 413:../src/lib/lpc177x_8x/Drivers/source/lpc177x_8x_gpdma.c ****  *              Should be:
 414:../src/lib/lpc177x_8x/Drivers/source/lpc177x_8x_gpdma.c ****  *                  - SET: the corresponding channel has no active interrupt request
 415:../src/lib/lpc177x_8x/Drivers/source/lpc177x_8x_gpdma.c ****  *                  - RESET: the corresponding channel does have an active interrupt request
 416:../src/lib/lpc177x_8x/Drivers/source/lpc177x_8x_gpdma.c ****  **********************************************************************/
 417:../src/lib/lpc177x_8x/Drivers/source/lpc177x_8x_gpdma.c **** IntStatus GPDMA_IntGetStatus(GPDMA_Status_Type type, uint8_t channel)
 418:../src/lib/lpc177x_8x/Drivers/source/lpc177x_8x_gpdma.c **** {
 821              		.loc 1 418 0
 822              		.cfi_startproc
 823              		@ args = 0, pretend = 0, frame = 8
 824              		@ frame_needed = 1, uses_anonymous_args = 0
 825              		@ link register save eliminated.
 826 0494 80B4     		push	{r7}
 827              	.LCFI11:
 828              		.cfi_def_cfa_offset 4
 829              		.cfi_offset 7, -4
 830 0496 83B0     		sub	sp, sp, #12
 831              	.LCFI12:
 832              		.cfi_def_cfa_offset 16
 833 0498 00AF     		add	r7, sp, #0
 834              	.LCFI13:
 835              		.cfi_def_cfa_register 7
 836 049a 0246     		mov	r2, r0
 837 049c 0B46     		mov	r3, r1
 838 049e FA71     		strb	r2, [r7, #7]
 839 04a0 BB71     		strb	r3, [r7, #6]
 419:../src/lib/lpc177x_8x/Drivers/source/lpc177x_8x_gpdma.c ****     switch (type)
 840              		.loc 1 419 0
 841 04a2 FB79     		ldrb	r3, [r7, #7]	@ zero_extendqisi2
 842 04a4 042B     		cmp	r3, #4
 843 04a6 62D8     		bhi	.L35
 844 04a8 01A2     		adr	r2, .L41
 845 04aa 52F823F0 		ldr	pc, [r2, r3, lsl #2]
 846 04ae 00BF     		.align	2
 847              	.L41:
 848 04b0 C5040000 		.word	.L36+1
 849 04b4 E7040000 		.word	.L37+1
 850 04b8 09050000 		.word	.L38+1
 851 04bc 2B050000 		.word	.L39+1
 852 04c0 4D050000 		.word	.L40+1
 853              	.L36:
 420:../src/lib/lpc177x_8x/Drivers/source/lpc177x_8x_gpdma.c ****     {
 421:../src/lib/lpc177x_8x/Drivers/source/lpc177x_8x_gpdma.c ****     case GPDMA_STAT_INT: //check status of DMA channel interrupts
 422:../src/lib/lpc177x_8x/Drivers/source/lpc177x_8x_gpdma.c ****         if (LPC_GPDMA->IntStat & (GPDMA_DMACIntStat_Ch(channel)))
 854              		.loc 1 422 0
 855 04c4 354B     		ldr	r3, .L49
 856 04c6 1A68     		ldr	r2, [r3, #0]
 857 04c8 BB79     		ldrb	r3, [r7, #6]	@ zero_extendqisi2
 858 04ca 4FF00101 		mov	r1, #1
 859 04ce 01FA03F3 		lsl	r3, r1, r3
 860 04d2 1340     		ands	r3, r3, r2
 861 04d4 DBB2     		uxtb	r3, r3
 862 04d6 002B     		cmp	r3, #0
 863 04d8 02D0     		beq	.L42
 423:../src/lib/lpc177x_8x/Drivers/source/lpc177x_8x_gpdma.c ****             return SET;
 864              		.loc 1 423 0
 865 04da 4FF00103 		mov	r3, #1
 866 04de 56E0     		b	.L43
 867              	.L42:
 424:../src/lib/lpc177x_8x/Drivers/source/lpc177x_8x_gpdma.c ****         return RESET;
 868              		.loc 1 424 0
 869 04e0 4FF00003 		mov	r3, #0
 870 04e4 53E0     		b	.L43
 871              	.L37:
 425:../src/lib/lpc177x_8x/Drivers/source/lpc177x_8x_gpdma.c ****     case GPDMA_STAT_INTTC: // check terminal count interrupt request status for DMA
 426:../src/lib/lpc177x_8x/Drivers/source/lpc177x_8x_gpdma.c ****         if (LPC_GPDMA->IntTCStat & GPDMA_DMACIntTCStat_Ch(channel))
 872              		.loc 1 426 0
 873 04e6 2D4B     		ldr	r3, .L49
 874 04e8 5A68     		ldr	r2, [r3, #4]
 875 04ea BB79     		ldrb	r3, [r7, #6]	@ zero_extendqisi2
 876 04ec 4FF00101 		mov	r1, #1
 877 04f0 01FA03F3 		lsl	r3, r1, r3
 878 04f4 1340     		ands	r3, r3, r2
 879 04f6 DBB2     		uxtb	r3, r3
 880 04f8 002B     		cmp	r3, #0
 881 04fa 02D0     		beq	.L44
 427:../src/lib/lpc177x_8x/Drivers/source/lpc177x_8x_gpdma.c ****             return SET;
 882              		.loc 1 427 0
 883 04fc 4FF00103 		mov	r3, #1
 884 0500 45E0     		b	.L43
 885              	.L44:
 428:../src/lib/lpc177x_8x/Drivers/source/lpc177x_8x_gpdma.c ****         return RESET;
 886              		.loc 1 428 0
 887 0502 4FF00003 		mov	r3, #0
 888 0506 42E0     		b	.L43
 889              	.L38:
 429:../src/lib/lpc177x_8x/Drivers/source/lpc177x_8x_gpdma.c ****     case GPDMA_STAT_INTERR: //check interrupt status for DMA channels
 430:../src/lib/lpc177x_8x/Drivers/source/lpc177x_8x_gpdma.c ****         if (LPC_GPDMA->IntErrStat & GPDMA_DMACIntTCClear_Ch(channel))
 890              		.loc 1 430 0
 891 0508 244B     		ldr	r3, .L49
 892 050a DA68     		ldr	r2, [r3, #12]
 893 050c BB79     		ldrb	r3, [r7, #6]	@ zero_extendqisi2
 894 050e 4FF00101 		mov	r1, #1
 895 0512 01FA03F3 		lsl	r3, r1, r3
 896 0516 1340     		ands	r3, r3, r2
 897 0518 DBB2     		uxtb	r3, r3
 898 051a 002B     		cmp	r3, #0
 899 051c 02D0     		beq	.L45
 431:../src/lib/lpc177x_8x/Drivers/source/lpc177x_8x_gpdma.c ****             return SET;
 900              		.loc 1 431 0
 901 051e 4FF00103 		mov	r3, #1
 902 0522 34E0     		b	.L43
 903              	.L45:
 432:../src/lib/lpc177x_8x/Drivers/source/lpc177x_8x_gpdma.c ****         return RESET;
 904              		.loc 1 432 0
 905 0524 4FF00003 		mov	r3, #0
 906 0528 31E0     		b	.L43
 907              	.L39:
 433:../src/lib/lpc177x_8x/Drivers/source/lpc177x_8x_gpdma.c ****     case GPDMA_STAT_RAWINTTC: //check status of the terminal count interrupt for DMA channels
 434:../src/lib/lpc177x_8x/Drivers/source/lpc177x_8x_gpdma.c ****         if (LPC_GPDMA->RawIntErrStat & GPDMA_DMACRawIntTCStat_Ch(channel))
 908              		.loc 1 434 0
 909 052a 1C4B     		ldr	r3, .L49
 910 052c 9A69     		ldr	r2, [r3, #24]
 911 052e BB79     		ldrb	r3, [r7, #6]	@ zero_extendqisi2
 912 0530 4FF00101 		mov	r1, #1
 913 0534 01FA03F3 		lsl	r3, r1, r3
 914 0538 1340     		ands	r3, r3, r2
 915 053a DBB2     		uxtb	r3, r3
 916 053c 002B     		cmp	r3, #0
 917 053e 02D0     		beq	.L46
 435:../src/lib/lpc177x_8x/Drivers/source/lpc177x_8x_gpdma.c ****             return SET;
 918              		.loc 1 435 0
 919 0540 4FF00103 		mov	r3, #1
 920 0544 23E0     		b	.L43
 921              	.L46:
 436:../src/lib/lpc177x_8x/Drivers/source/lpc177x_8x_gpdma.c ****         return RESET;
 922              		.loc 1 436 0
 923 0546 4FF00003 		mov	r3, #0
 924 054a 20E0     		b	.L43
 925              	.L40:
 437:../src/lib/lpc177x_8x/Drivers/source/lpc177x_8x_gpdma.c ****     case GPDMA_STAT_RAWINTERR: //check status of the error interrupt for DMA channels
 438:../src/lib/lpc177x_8x/Drivers/source/lpc177x_8x_gpdma.c ****         if (LPC_GPDMA->RawIntTCStat & GPDMA_DMACRawIntErrStat_Ch(channel))
 926              		.loc 1 438 0
 927 054c 134B     		ldr	r3, .L49
 928 054e 5A69     		ldr	r2, [r3, #20]
 929 0550 BB79     		ldrb	r3, [r7, #6]	@ zero_extendqisi2
 930 0552 4FF00101 		mov	r1, #1
 931 0556 01FA03F3 		lsl	r3, r1, r3
 932 055a 1340     		ands	r3, r3, r2
 933 055c DBB2     		uxtb	r3, r3
 934 055e 002B     		cmp	r3, #0
 935 0560 02D0     		beq	.L47
 439:../src/lib/lpc177x_8x/Drivers/source/lpc177x_8x_gpdma.c ****             return SET;
 936              		.loc 1 439 0
 937 0562 4FF00103 		mov	r3, #1
 938 0566 12E0     		b	.L43
 939              	.L47:
 440:../src/lib/lpc177x_8x/Drivers/source/lpc177x_8x_gpdma.c ****         return RESET;
 940              		.loc 1 440 0
 941 0568 4FF00003 		mov	r3, #0
 942 056c 0FE0     		b	.L43
 943              	.L35:
 441:../src/lib/lpc177x_8x/Drivers/source/lpc177x_8x_gpdma.c ****     default: //check enable status for DMA channels
 442:../src/lib/lpc177x_8x/Drivers/source/lpc177x_8x_gpdma.c ****         if (LPC_GPDMA->EnbldChns & GPDMA_DMACEnbldChns_Ch(channel))
 944              		.loc 1 442 0
 945 056e 0B4B     		ldr	r3, .L49
 946 0570 DA69     		ldr	r2, [r3, #28]
 947 0572 BB79     		ldrb	r3, [r7, #6]	@ zero_extendqisi2
 948 0574 4FF00101 		mov	r1, #1
 949 0578 01FA03F3 		lsl	r3, r1, r3
 950 057c 1340     		ands	r3, r3, r2
 951 057e DBB2     		uxtb	r3, r3
 952 0580 002B     		cmp	r3, #0
 953 0582 02D0     		beq	.L48
 443:../src/lib/lpc177x_8x/Drivers/source/lpc177x_8x_gpdma.c ****             return SET;
 954              		.loc 1 443 0
 955 0584 4FF00103 		mov	r3, #1
 956 0588 01E0     		b	.L43
 957              	.L48:
 444:../src/lib/lpc177x_8x/Drivers/source/lpc177x_8x_gpdma.c ****         return RESET;
 958              		.loc 1 444 0
 959 058a 4FF00003 		mov	r3, #0
 960              	.L43:
 445:../src/lib/lpc177x_8x/Drivers/source/lpc177x_8x_gpdma.c ****     }
 446:../src/lib/lpc177x_8x/Drivers/source/lpc177x_8x_gpdma.c **** }
 961              		.loc 1 446 0
 962 058e 1846     		mov	r0, r3
 963 0590 07F10C07 		add	r7, r7, #12
 964 0594 BD46     		mov	sp, r7
 965 0596 80BC     		pop	{r7}
 966 0598 7047     		bx	lr
 967              	.L50:
 968 059a 00BF     		.align	2
 969              	.L49:
 970 059c 00000820 		.word	537395200
 971              		.cfi_endproc
 972              	.LFE59:
 974              		.align	2
 975              		.global	GPDMA_ClearIntPending
 976              		.thumb
 977              		.thumb_func
 979              	GPDMA_ClearIntPending:
 980              	.LFB60:
 447:../src/lib/lpc177x_8x/Drivers/source/lpc177x_8x_gpdma.c **** 
 448:../src/lib/lpc177x_8x/Drivers/source/lpc177x_8x_gpdma.c **** /*********************************************************************//**
 449:../src/lib/lpc177x_8x/Drivers/source/lpc177x_8x_gpdma.c ****  * @brief       Clear one or more interrupt requests on DMA channels
 450:../src/lib/lpc177x_8x/Drivers/source/lpc177x_8x_gpdma.c ****  * @param[in]   type        type of interrupt request, should be:
 451:../src/lib/lpc177x_8x/Drivers/source/lpc177x_8x_gpdma.c ****  *                  - GPDMA_STATCLR_INTTC:  GPDMA Interrupt Terminal Count Request Clear
 452:../src/lib/lpc177x_8x/Drivers/source/lpc177x_8x_gpdma.c ****  *                  - GPDMA_STATCLR_INTERR: GPDMA Interrupt Error Clear
 453:../src/lib/lpc177x_8x/Drivers/source/lpc177x_8x_gpdma.c ****  * @param[in]   channel     GPDMA channel, should be in range from 0 to 7
 454:../src/lib/lpc177x_8x/Drivers/source/lpc177x_8x_gpdma.c ****  * @return      None
 455:../src/lib/lpc177x_8x/Drivers/source/lpc177x_8x_gpdma.c ****  **********************************************************************/
 456:../src/lib/lpc177x_8x/Drivers/source/lpc177x_8x_gpdma.c **** void GPDMA_ClearIntPending(GPDMA_StateClear_Type type, uint8_t channel)
 457:../src/lib/lpc177x_8x/Drivers/source/lpc177x_8x_gpdma.c **** {
 981              		.loc 1 457 0
 982              		.cfi_startproc
 983              		@ args = 0, pretend = 0, frame = 8
 984              		@ frame_needed = 1, uses_anonymous_args = 0
 985              		@ link register save eliminated.
 986 05a0 80B4     		push	{r7}
 987              	.LCFI14:
 988              		.cfi_def_cfa_offset 4
 989              		.cfi_offset 7, -4
 990 05a2 83B0     		sub	sp, sp, #12
 991              	.LCFI15:
 992              		.cfi_def_cfa_offset 16
 993 05a4 00AF     		add	r7, sp, #0
 994              	.LCFI16:
 995              		.cfi_def_cfa_register 7
 996 05a6 0246     		mov	r2, r0
 997 05a8 0B46     		mov	r3, r1
 998 05aa FA71     		strb	r2, [r7, #7]
 999 05ac BB71     		strb	r3, [r7, #6]
 458:../src/lib/lpc177x_8x/Drivers/source/lpc177x_8x_gpdma.c ****     if (type == GPDMA_STATCLR_INTTC) // clears the terminal count interrupt request on DMA channel
 1000              		.loc 1 458 0
 1001 05ae FB79     		ldrb	r3, [r7, #7]	@ zero_extendqisi2
 1002 05b0 002B     		cmp	r3, #0
 1003 05b2 08D1     		bne	.L52
 459:../src/lib/lpc177x_8x/Drivers/source/lpc177x_8x_gpdma.c ****         LPC_GPDMA->IntTCClear = GPDMA_DMACIntTCClear_Ch(channel);
 1004              		.loc 1 459 0
 1005 05b4 0A4B     		ldr	r3, .L54
 1006 05b6 BA79     		ldrb	r2, [r7, #6]	@ zero_extendqisi2
 1007 05b8 4FF00101 		mov	r1, #1
 1008 05bc 01FA02F2 		lsl	r2, r1, r2
 1009 05c0 D2B2     		uxtb	r2, r2
 1010 05c2 9A60     		str	r2, [r3, #8]
 1011 05c4 07E0     		b	.L51
 1012              	.L52:
 460:../src/lib/lpc177x_8x/Drivers/source/lpc177x_8x_gpdma.c ****     else // clear the error interrupt request
 461:../src/lib/lpc177x_8x/Drivers/source/lpc177x_8x_gpdma.c ****         LPC_GPDMA->IntErrClr = GPDMA_DMACIntErrClr_Ch(channel);
 1013              		.loc 1 461 0
 1014 05c6 064B     		ldr	r3, .L54
 1015 05c8 BA79     		ldrb	r2, [r7, #6]	@ zero_extendqisi2
 1016 05ca 4FF00101 		mov	r1, #1
 1017 05ce 01FA02F2 		lsl	r2, r1, r2
 1018 05d2 D2B2     		uxtb	r2, r2
 1019 05d4 1A61     		str	r2, [r3, #16]
 1020              	.L51:
 462:../src/lib/lpc177x_8x/Drivers/source/lpc177x_8x_gpdma.c **** }
 1021              		.loc 1 462 0
 1022 05d6 07F10C07 		add	r7, r7, #12
 1023 05da BD46     		mov	sp, r7
 1024 05dc 80BC     		pop	{r7}
 1025 05de 7047     		bx	lr
 1026              	.L55:
 1027              		.align	2
 1028              	.L54:
 1029 05e0 00000820 		.word	537395200
 1030              		.cfi_endproc
 1031              	.LFE60:
 1033              	.Letext0:
 1034              		.file 2 "g:\\program files\\codesourcery\\sourcery_codebench_lite_for_arm_eabi\\bin\\../lib/gcc/ar
 1035              		.file 3 "D:\\workspace_gnu\\RTT_Demo0\\src\\lib\\lpc177x_8x\\Drivers\\include/lpc_types.h"
 1036              		.file 4 "D:\\workspace_gnu\\RTT_Demo0\\src\\lib\\lpc177x_8x\\Core\\Device\\NXP\\LPC177x_8x\\Includ
 1037              		.file 5 "D:\\workspace_gnu\\RTT_Demo0\\src\\lib\\lpc177x_8x\\Drivers\\include/lpc177x_8x_gpdma.h"
 1038              		.file 6 "D:\\workspace_gnu\\RTT_Demo0\\src\\lib\\lpc177x_8x\\Core\\CMSIS\\Include/core_cm3.h"
DEFINED SYMBOLS
                            *ABS*:00000000 lpc177x_8x_gpdma.c
C:\Users\YANGZH~1\AppData\Local\Temp\ccBITqiF.s:23     .data:00000000 GPDMA_LUTPerAddr
C:\Users\YANGZH~1\AppData\Local\Temp\ccBITqiF.s:20     .data:00000000 $d
C:\Users\YANGZH~1\AppData\Local\Temp\ccBITqiF.s:60     .data:00000080 pGPDMACh
C:\Users\YANGZH~1\AppData\Local\Temp\ccBITqiF.s:74     .rodata:00000000 GPDMA_LUTPerBurst
C:\Users\YANGZH~1\AppData\Local\Temp\ccBITqiF.s:71     .rodata:00000000 $d
C:\Users\YANGZH~1\AppData\Local\Temp\ccBITqiF.s:111    .rodata:00000020 GPDMA_LUTPerWid
C:\Users\YANGZH~1\AppData\Local\Temp\ccBITqiF.s:145    .text:00000000 $t
C:\Users\YANGZH~1\AppData\Local\Temp\ccBITqiF.s:150    .text:00000000 GPDMA_Init
C:\Users\YANGZH~1\AppData\Local\Temp\ccBITqiF.s:214    .text:00000064 $d
C:\Users\YANGZH~1\AppData\Local\Temp\ccBITqiF.s:226    .text:00000088 $t
C:\Users\YANGZH~1\AppData\Local\Temp\ccBITqiF.s:231    .text:00000088 GPDMA_Setup
C:\Users\YANGZH~1\AppData\Local\Temp\ccBITqiF.s:472    .text:00000234 GPDMA_SetupTransfer
C:\Users\YANGZH~1\AppData\Local\Temp\ccBITqiF.s:461    .text:00000228 $d
C:\Users\YANGZH~1\AppData\Local\Temp\ccBITqiF.s:467    .text:00000234 $t
C:\Users\YANGZH~1\AppData\Local\Temp\ccBITqiF.s:505    .text:00000258 $d
C:\Users\YANGZH~1\AppData\Local\Temp\ccBITqiF.s:514    .text:00000274 $t
C:\Users\YANGZH~1\AppData\Local\Temp\ccBITqiF.s:745    .text:0000043c $d
C:\Users\YANGZH~1\AppData\Local\Temp\ccBITqiF.s:752    .text:0000044c $t
C:\Users\YANGZH~1\AppData\Local\Temp\ccBITqiF.s:757    .text:0000044c GPDMA_ChannelCmd
C:\Users\YANGZH~1\AppData\Local\Temp\ccBITqiF.s:810    .text:00000490 $d
C:\Users\YANGZH~1\AppData\Local\Temp\ccBITqiF.s:814    .text:00000494 $t
C:\Users\YANGZH~1\AppData\Local\Temp\ccBITqiF.s:819    .text:00000494 GPDMA_IntGetStatus
C:\Users\YANGZH~1\AppData\Local\Temp\ccBITqiF.s:848    .text:000004b0 $d
C:\Users\YANGZH~1\AppData\Local\Temp\ccBITqiF.s:855    .text:000004c4 $t
C:\Users\YANGZH~1\AppData\Local\Temp\ccBITqiF.s:970    .text:0000059c $d
C:\Users\YANGZH~1\AppData\Local\Temp\ccBITqiF.s:974    .text:000005a0 $t
C:\Users\YANGZH~1\AppData\Local\Temp\ccBITqiF.s:979    .text:000005a0 GPDMA_ClearIntPending
C:\Users\YANGZH~1\AppData\Local\Temp\ccBITqiF.s:1029   .text:000005e0 $d
                     .debug_frame:00000010 $d
                           .group:00000000 wm4.1.9fa2be94b3b27131c651c32db681ca6e
                           .group:00000000 wm4.stdint.h.10.90b695f550ca6cc3fb08fa83baf01e05
                           .group:00000000 wm4.lpc_types.h.61.500abe635b953859f645467b1debaa34
                           .group:00000000 wm4.lpc177x_8x_libcfg_default.h.42.c21d4d8531a15b96cd9ccfa94b76f68e
                           .group:00000000 wm4.LPC177x_8x.h.34.ced9b468ef83bb68f280515946661353
                           .group:00000000 wm4.core_cm3.h.32.790cc16ac64d67f02f3790c90a28e38c
                           .group:00000000 wm4.core_cmInstr.h.25.dd98b40e8e0d1d9ee958eb9cce5e7898
                           .group:00000000 wm4.core_cm3.h.132.82da42f2eaa4f3e645984b3550bd4c22
                           .group:00000000 wm4.LPC177x_8x.h.1353.9b0a09b2831088a36b3e4060dcdc4532
                           .group:00000000 wm4.lpc177x_8x_gpdma.h.58.72c2ab3584c1ef32703cdcf5994b510f
                           .group:00000000 wm4.system_LPC177x_8x.h.34.e57b19a2859ef593a5974e6904d3f0ac
                           .group:00000000 wm4.lpc177x_8x_clkpwr.h.61.8bfb9350f1be3b242e7e7c6f04f31221

UNDEFINED SYMBOLS
CLKPWR_ConfigPPWR
