   1              	# 1 "../src/lib/lpc177x_8x/Core/Device/NXP/LPC177x_8x/Source/Templates/GCC/startup_LPC177x_8x.S"
   1              	/*****************************************************************************/
   0              	
   2              	/* startup_LPC17xx.s: Startup file for LPC17xx device series                 */
   0              	
   3              	/*****************************************************************************/
   4              	/* Version: CodeSourcery Sourcery G++ Lite (with CS3)                        */
   5              	/*****************************************************************************/
   6              	
   7              	
   8              	/*
   9              	//*** <<< Use Configuration Wizard in Context Menu >>> ***
  10              	*/
  11              	
  12              	
  13              	/*
  14              	// <h> Stack Configuration
  15              	//   <o> Stack Size (in Bytes) <0x0-0xFFFFFFFF:8>
  16              	// </h>
  17              	*/
  18              	
  19              	    .equ    Stack_Size, 0x00000400
  20              	    .section ".stack", "w"
  21              	    .align  3
  22              	    .globl  __cs3_stack_mem
  23              	    .globl  __cs3_stack_size
  24              	__cs3_stack_mem:
  25              	    .if     Stack_Size
  26 0000 00000000 	    .space  Stack_Size
  26      00000000 
  26      00000000 
  26      00000000 
  26      00000000 
  27              	    .endif
  29              	    .set    __cs3_stack_size, . - __cs3_stack_mem
  30              	
  31              	
  32              	/*
  33              	// <h> Heap Configuration
  34              	//   <o>  Heap Size (in Bytes) <0x0-0xFFFFFFFF:8>
  35              	// </h>
  36              	*/
  37              	
  38              	    .equ    Heap_Size,  0x00001000
  39              	
  40              	    .section ".heap", "w"
  41              	    .align  3
  42              	    .globl  __cs3_heap_start
  43              	    .globl  __cs3_heap_end
  44              	__cs3_heap_start:
  45              	    .if     Heap_Size
  46 0000 00000000 	    .space  Heap_Size
  46      00000000 
  46      00000000 
  46      00000000 
  46      00000000 
  47              	    .endif
  48              	__cs3_heap_end:
  49              	
  50              	
  51              	/* Vector Table */
  52              	
  53              	    .section ".cs3.interrupt_vector"
  54              	    .globl  __cs3_interrupt_vector_cortex_m
  56              	
  57              	__cs3_interrupt_vector_cortex_m:
  58 0000 00000000 	    .long   __cs3_stack                 /* Top of Stack                 */
  59 0004 00000000 	    .long   __cs3_reset                 /* Reset Handler                */
  60 0008 00000000 	    .long   NMI_Handler                 /* NMI Handler                  */
  61 000c 00000000 	    .long   HardFault_Handler           /* Hard Fault Handler           */
  62 0010 00000000 	    .long   MemManage_Handler           /* MPU Fault Handler            */
  63 0014 00000000 	    .long   BusFault_Handler            /* Bus Fault Handler            */
  64 0018 00000000 	    .long   UsageFault_Handler          /* Usage Fault Handler          */
  65 001c 00000000 	    .long   0                           /* Reserved                     */
  66 0020 00000000 	    .long   0                           /* Reserved                     */
  67 0024 00000000 	    .long   0                           /* Reserved                     */
  68 0028 00000000 	    .long   0                           /* Reserved                     */
  69 002c 00000000 	    .long   SVC_Handler                 /* SVCall Handler               */
  70 0030 00000000 	    .long   DebugMon_Handler            /* Debug Monitor Handler        */
  71 0034 00000000 	    .long   0                           /* Reserved                     */
  72 0038 00000000 	    .long   PendSV_Handler              /* PendSV Handler               */
  73 003c 00000000 	    .long   SysTick_Handler             /* SysTick Handler              */
  74              	
  75              	    /* External Interrupts */
  76 0040 00000000 	    .long   WDT_IRQHandler              /* 16: Watchdog Timer               */
  77 0044 00000000 	    .long   TIMER0_IRQHandler           /* 17: Timer0                       */
  78 0048 00000000 	    .long   TIMER1_IRQHandler           /* 18: Timer1                       */
  79 004c 00000000 	    .long   TIMER2_IRQHandler           /* 19: Timer2                       */
  80 0050 00000000 	    .long   TIMER3_IRQHandler           /* 20: Timer3                       */
  81 0054 00000000 	    .long   UART0_IRQHandler            /* 21: UART0                        */
  82 0058 00000000 	    .long   UART1_IRQHandler            /* 22: UART1                        */
  83 005c 00000000 	    .long   UART2_IRQHandler            /* 23: UART2                        */
  84 0060 00000000 	    .long   UART3_IRQHandler            /* 24: UART3                        */
  85 0064 00000000 	    .long   PWM1_IRQHandler             /* 25: PWM1                         */
  86 0068 00000000 	    .long   I2C0_IRQHandler             /* 26: I2C0                         */
  87 006c 00000000 	    .long   I2C1_IRQHandler             /* 27: I2C1                         */
  88 0070 00000000 	    .long   I2C2_IRQHandler             /* 28: I2C2                         */
  89 0074 00000000 	    .long   0			        /* 29: Reserved, not for SPIFI anymore */
  90 0078 00000000 	    .long   SSP0_IRQHandler             /* 30: SSP0                         */
  91 007c 00000000 	    .long   SSP1_IRQHandler             /* 31: SSP1                         */
  92 0080 00000000 	    .long   PLL0_IRQHandler             /* 32: PLL0 Lock (Main PLL)         */
  93 0084 00000000 	    .long   RTC_IRQHandler              /* 33: Real Time Clock              */
  94 0088 00000000 	    .long   EINT0_IRQHandler            /* 34: External Interrupt 0         */
  95 008c 00000000 	    .long   EINT1_IRQHandler            /* 35: External Interrupt 1         */
  96 0090 00000000 	    .long   EINT2_IRQHandler            /* 36: External Interrupt 2         */
  97 0094 00000000 	    .long   EINT3_IRQHandler            /* 37: External Interrupt 3         */
  98 0098 00000000 	    .long   ADC_IRQHandler              /* 38: A/D Converter                */
  99 009c 00000000 	    .long   BOD_IRQHandler              /* 39: Brown-Out Detect             */
 100 00a0 00000000 	    .long   USB_IRQHandler              /* 40: USB                          */
 101 00a4 00000000 	    .long   CAN_IRQHandler              /* 41: CAN                          */
 102 00a8 00000000 	    .long   DMA_IRQHandler              /* 42: General Purpose DMA          */
 103 00ac 00000000 	    .long   I2S_IRQHandler              /* 43: I2S                          */
 104 00b0 00000000 	    .long   ENET_IRQHandler             /* 44: Ethernet                     */
 105 00b4 00000000 	    .long   MCI_IRQHandler              /* 45: SD/MMC Card					*/
 106 00b8 00000000 	    .long   MCPWM_IRQHandler            /* 46: Motor Control PWM            */
 107 00bc 00000000 	    .long   QEI_IRQHandler              /* 47: Quadrature Encoder Interface */
 108 00c0 00000000 	    .long   PLL1_IRQHandler             /* 48: PLL1 Lock (USB PLL)          */
 109 00c4 00000000 	    .long	USBActivity_IRQHandler		/* 49: USB Activity 				*/
 110 00c8 00000000 	    .long 	CANActivity_IRQHandler		/* 50: CAN Activity					*/
 111 00cc 00000000 	    .long	UART4_IRQHandler            /* 51: UART4						*/
 112 00d0 00000000 	    .long	SSP2_IRQHandler				/* 52: SSP2							*/
 113 00d4 00000000 	    .long 	LCD_IRQHandler				/* 53: LCD							*/
 114 00d8 00000000 	    .long	GPIO_IRQHandler				/* 54: GPIO							*/
 115 00dc 00000000 	    .long 	PWM0_IRQHandler				/* 55: PWM0							*/
 116 00e0 00000000 	    .long 	EEPROM_IRQHandler			/* 56: EEPROM						*/
 117              	
 119              	
 120              	
 121              	    .thumb
 122              	
 123              		.section ".crp"
 124              		.globl  CRP_Value
 125              	CRP_Value:
 126 0000 FFFFFFFF 		.long	0xFFFFFFFF
 127              	
 128              	/* Reset Handler */
 129              	
 130              	    .section .cs3.reset,"x",%progbits
 131              	    .thumb_func
 132              	    .globl  __cs3_reset_cortex_m
 134              	__cs3_reset_cortex_m:
 135              	    .fnstart
 136              	.if (RAM_MODE)
 137              	/* Clear .bss section (Zero init) */
 138 0000 0020     		MOV     R0, #0
 139 0002 0649     		LDR     R1, =__bss_start__
 140 0004 064A     		LDR     R2, =__bss_end__
 141 0006 9142     		CMP     R1,R2
 142 0008 04D0     		BEQ     BSSIsEmpty
 143              	LoopZI:
 144 000a 9142     		CMP     R1, R2
 145 000c 02D2     		BHS		BSSIsEmpty
 146 000e 0860     		STR   	R0, [R1]
 147 0010 0431     		ADD		R1, #4
 148 0012 FAD3     		BLO     LoopZI
 149              	BSSIsEmpty:
 150 0014 0348     	    LDR     R0, =SystemInit
 151 0016 8047     	    BLX     R0
 152 0018 0348     	    LDR     R0,=main
 153 001a 0047     	    BX      R0
 154              	.else
 155              	    LDR     R0, =SystemInit
 156              	    BLX     R0
 157              		LDR     R0,=_start
 158              	    BX      R0
 159              	.endif
 160 001c 00000000 	    .pool
 160      00000000 
 160      00000000 
 160      00000000 
 161              	    .cantunwind
 162              	    .fnend
 164              	
 165              	    .section ".text"
 166              	
 167              	/* Exception Handlers */
 168              	
 169              	    .weak   NMI_Handler
 171              	NMI_Handler:
 172 0000 FEE7     	    B       .
 174              	
 175              	    .weak   HardFault_Handler
 177              	HardFault_Handler:
 178 0002 FEE7     	    B       .
 180              	
 181              	    .weak   MemManage_Handler
 183              	MemManage_Handler:
 184 0004 FEE7     	    B       .
 186              	
 187              	    .weak   BusFault_Handler
 189              	BusFault_Handler:
 190 0006 FEE7     	    B       .
 192              	
 193              	    .weak   UsageFault_Handler
 195              	UsageFault_Handler:
 196 0008 FEE7     	    B       .
 198              	
 199              	    .weak   SVC_Handler
 201              	SVC_Handler:
 202 000a FEE7     	    B       .
 204              	
 205              	    .weak   DebugMon_Handler
 207              	DebugMon_Handler:
 208 000c FEE7     	    B       .
 210              	
 211              	    .weak   PendSV_Handler
 213              	PendSV_Handler:
 214 000e FEE7     	    B       .
 216              	
 217              	    .weak   SysTick_Handler
 219              	SysTick_Handler:
 220 0010 FEE7     	    B       .
 222              	
 223              	
 224              	/* IRQ Handlers */
 225              	
 226              	    .globl  Default_Handler
 228              	Default_Handler:
 229 0012 FEE7     	    B       .
 231              	
 232              	    .macro  IRQ handler
 233              	    .weak   \handler
 234              	    .set    \handler, Default_Handler
 235              	    .endm
 236              	
 237              	    IRQ     WDT_IRQHandler
 238              	    IRQ     TIMER0_IRQHandler
 239              	    IRQ     TIMER1_IRQHandler
 240              	    IRQ     TIMER2_IRQHandler
 241              	    IRQ     TIMER3_IRQHandler
 242              	    IRQ     UART0_IRQHandler
 243              	    IRQ     UART1_IRQHandler
 244              	    IRQ     UART2_IRQHandler
 245              	    IRQ     UART3_IRQHandler
 246              	    IRQ     PWM1_IRQHandler
 247              	    IRQ     I2C0_IRQHandler
 248              	    IRQ     I2C1_IRQHandler
 249              	    IRQ     I2C2_IRQHandler
 250              	/*    IRQ		SPIFI_IRQHandler */
 251              	    IRQ     SSP0_IRQHandler
 252              	    IRQ     SSP1_IRQHandler
 253              	    IRQ     PLL0_IRQHandler
 254              	    IRQ     RTC_IRQHandler
 255              	    IRQ     EINT0_IRQHandler
 256              	    IRQ     EINT1_IRQHandler
 257              	    IRQ     EINT2_IRQHandler
 258              	    IRQ     EINT3_IRQHandler
 259              	    IRQ     ADC_IRQHandler
 260              	    IRQ     BOD_IRQHandler
 261              	    IRQ     USB_IRQHandler
 262              	    IRQ     CAN_IRQHandler
 263              	    IRQ     DMA_IRQHandler
 264              	    IRQ     I2S_IRQHandler
 265              	    IRQ     ENET_IRQHandler
 266              	    IRQ     MCI_IRQHandler
 267              	    IRQ     MCPWM_IRQHandler
 268              	    IRQ     QEI_IRQHandler
 269              	    IRQ     PLL1_IRQHandler
 270              	    IRQ		USBActivity_IRQHandler
 271              	    IRQ		CANActivity_IRQHandler
 272              		IRQ		UART4_IRQHandler
 273              		IRQ		SSP2_IRQHandler
 274              		IRQ		LCD_IRQHandler
 275              		IRQ		GPIO_IRQHandler
 276              		IRQ		PWM0_IRQHandler
 277              		IRQ		EEPROM_IRQHandler
 278              	
 279              	    .end
DEFINED SYMBOLS
../src/lib/lpc177x_8x/Core/Device/NXP/LPC177x_8x/Source/Templates/GCC/startup_LPC177x_8x.S:19     *ABS*:00000400 Stack_Size
../src/lib/lpc177x_8x/Core/Device/NXP/LPC177x_8x/Source/Templates/GCC/startup_LPC177x_8x.S:21     .stack:00000000 $d
../src/lib/lpc177x_8x/Core/Device/NXP/LPC177x_8x/Source/Templates/GCC/startup_LPC177x_8x.S:24     .stack:00000000 __cs3_stack_mem
                            *ABS*:00000400 __cs3_stack_size
../src/lib/lpc177x_8x/Core/Device/NXP/LPC177x_8x/Source/Templates/GCC/startup_LPC177x_8x.S:38     *ABS*:00001000 Heap_Size
../src/lib/lpc177x_8x/Core/Device/NXP/LPC177x_8x/Source/Templates/GCC/startup_LPC177x_8x.S:41     .heap:00000000 $d
../src/lib/lpc177x_8x/Core/Device/NXP/LPC177x_8x/Source/Templates/GCC/startup_LPC177x_8x.S:44     .heap:00000000 __cs3_heap_start
../src/lib/lpc177x_8x/Core/Device/NXP/LPC177x_8x/Source/Templates/GCC/startup_LPC177x_8x.S:48     .heap:00001000 __cs3_heap_end
../src/lib/lpc177x_8x/Core/Device/NXP/LPC177x_8x/Source/Templates/GCC/startup_LPC177x_8x.S:57     .cs3.interrupt_vector:00000000 __cs3_interrupt_vector_cortex_m
../src/lib/lpc177x_8x/Core/Device/NXP/LPC177x_8x/Source/Templates/GCC/startup_LPC177x_8x.S:171    .text:00000000 NMI_Handler
../src/lib/lpc177x_8x/Core/Device/NXP/LPC177x_8x/Source/Templates/GCC/startup_LPC177x_8x.S:177    .text:00000002 HardFault_Handler
../src/lib/lpc177x_8x/Core/Device/NXP/LPC177x_8x/Source/Templates/GCC/startup_LPC177x_8x.S:183    .text:00000004 MemManage_Handler
../src/lib/lpc177x_8x/Core/Device/NXP/LPC177x_8x/Source/Templates/GCC/startup_LPC177x_8x.S:189    .text:00000006 BusFault_Handler
../src/lib/lpc177x_8x/Core/Device/NXP/LPC177x_8x/Source/Templates/GCC/startup_LPC177x_8x.S:195    .text:00000008 UsageFault_Handler
../src/lib/lpc177x_8x/Core/Device/NXP/LPC177x_8x/Source/Templates/GCC/startup_LPC177x_8x.S:201    .text:0000000a SVC_Handler
../src/lib/lpc177x_8x/Core/Device/NXP/LPC177x_8x/Source/Templates/GCC/startup_LPC177x_8x.S:207    .text:0000000c DebugMon_Handler
../src/lib/lpc177x_8x/Core/Device/NXP/LPC177x_8x/Source/Templates/GCC/startup_LPC177x_8x.S:213    .text:0000000e PendSV_Handler
../src/lib/lpc177x_8x/Core/Device/NXP/LPC177x_8x/Source/Templates/GCC/startup_LPC177x_8x.S:219    .text:00000010 SysTick_Handler
../src/lib/lpc177x_8x/Core/Device/NXP/LPC177x_8x/Source/Templates/GCC/startup_LPC177x_8x.S:228    .text:00000012 WDT_IRQHandler
../src/lib/lpc177x_8x/Core/Device/NXP/LPC177x_8x/Source/Templates/GCC/startup_LPC177x_8x.S:228    .text:00000012 TIMER0_IRQHandler
../src/lib/lpc177x_8x/Core/Device/NXP/LPC177x_8x/Source/Templates/GCC/startup_LPC177x_8x.S:228    .text:00000012 TIMER1_IRQHandler
../src/lib/lpc177x_8x/Core/Device/NXP/LPC177x_8x/Source/Templates/GCC/startup_LPC177x_8x.S:228    .text:00000012 TIMER2_IRQHandler
../src/lib/lpc177x_8x/Core/Device/NXP/LPC177x_8x/Source/Templates/GCC/startup_LPC177x_8x.S:228    .text:00000012 TIMER3_IRQHandler
../src/lib/lpc177x_8x/Core/Device/NXP/LPC177x_8x/Source/Templates/GCC/startup_LPC177x_8x.S:228    .text:00000012 UART0_IRQHandler
../src/lib/lpc177x_8x/Core/Device/NXP/LPC177x_8x/Source/Templates/GCC/startup_LPC177x_8x.S:228    .text:00000012 UART1_IRQHandler
../src/lib/lpc177x_8x/Core/Device/NXP/LPC177x_8x/Source/Templates/GCC/startup_LPC177x_8x.S:228    .text:00000012 UART2_IRQHandler
../src/lib/lpc177x_8x/Core/Device/NXP/LPC177x_8x/Source/Templates/GCC/startup_LPC177x_8x.S:228    .text:00000012 UART3_IRQHandler
../src/lib/lpc177x_8x/Core/Device/NXP/LPC177x_8x/Source/Templates/GCC/startup_LPC177x_8x.S:228    .text:00000012 PWM1_IRQHandler
../src/lib/lpc177x_8x/Core/Device/NXP/LPC177x_8x/Source/Templates/GCC/startup_LPC177x_8x.S:228    .text:00000012 I2C0_IRQHandler
../src/lib/lpc177x_8x/Core/Device/NXP/LPC177x_8x/Source/Templates/GCC/startup_LPC177x_8x.S:228    .text:00000012 I2C1_IRQHandler
../src/lib/lpc177x_8x/Core/Device/NXP/LPC177x_8x/Source/Templates/GCC/startup_LPC177x_8x.S:228    .text:00000012 I2C2_IRQHandler
../src/lib/lpc177x_8x/Core/Device/NXP/LPC177x_8x/Source/Templates/GCC/startup_LPC177x_8x.S:228    .text:00000012 SSP0_IRQHandler
../src/lib/lpc177x_8x/Core/Device/NXP/LPC177x_8x/Source/Templates/GCC/startup_LPC177x_8x.S:228    .text:00000012 SSP1_IRQHandler
../src/lib/lpc177x_8x/Core/Device/NXP/LPC177x_8x/Source/Templates/GCC/startup_LPC177x_8x.S:228    .text:00000012 PLL0_IRQHandler
../src/lib/lpc177x_8x/Core/Device/NXP/LPC177x_8x/Source/Templates/GCC/startup_LPC177x_8x.S:228    .text:00000012 RTC_IRQHandler
../src/lib/lpc177x_8x/Core/Device/NXP/LPC177x_8x/Source/Templates/GCC/startup_LPC177x_8x.S:228    .text:00000012 EINT0_IRQHandler
../src/lib/lpc177x_8x/Core/Device/NXP/LPC177x_8x/Source/Templates/GCC/startup_LPC177x_8x.S:228    .text:00000012 EINT1_IRQHandler
../src/lib/lpc177x_8x/Core/Device/NXP/LPC177x_8x/Source/Templates/GCC/startup_LPC177x_8x.S:228    .text:00000012 EINT2_IRQHandler
../src/lib/lpc177x_8x/Core/Device/NXP/LPC177x_8x/Source/Templates/GCC/startup_LPC177x_8x.S:228    .text:00000012 EINT3_IRQHandler
../src/lib/lpc177x_8x/Core/Device/NXP/LPC177x_8x/Source/Templates/GCC/startup_LPC177x_8x.S:228    .text:00000012 ADC_IRQHandler
../src/lib/lpc177x_8x/Core/Device/NXP/LPC177x_8x/Source/Templates/GCC/startup_LPC177x_8x.S:228    .text:00000012 BOD_IRQHandler
../src/lib/lpc177x_8x/Core/Device/NXP/LPC177x_8x/Source/Templates/GCC/startup_LPC177x_8x.S:228    .text:00000012 USB_IRQHandler
../src/lib/lpc177x_8x/Core/Device/NXP/LPC177x_8x/Source/Templates/GCC/startup_LPC177x_8x.S:228    .text:00000012 CAN_IRQHandler
../src/lib/lpc177x_8x/Core/Device/NXP/LPC177x_8x/Source/Templates/GCC/startup_LPC177x_8x.S:228    .text:00000012 DMA_IRQHandler
../src/lib/lpc177x_8x/Core/Device/NXP/LPC177x_8x/Source/Templates/GCC/startup_LPC177x_8x.S:228    .text:00000012 I2S_IRQHandler
../src/lib/lpc177x_8x/Core/Device/NXP/LPC177x_8x/Source/Templates/GCC/startup_LPC177x_8x.S:228    .text:00000012 ENET_IRQHandler
../src/lib/lpc177x_8x/Core/Device/NXP/LPC177x_8x/Source/Templates/GCC/startup_LPC177x_8x.S:228    .text:00000012 MCI_IRQHandler
../src/lib/lpc177x_8x/Core/Device/NXP/LPC177x_8x/Source/Templates/GCC/startup_LPC177x_8x.S:228    .text:00000012 MCPWM_IRQHandler
../src/lib/lpc177x_8x/Core/Device/NXP/LPC177x_8x/Source/Templates/GCC/startup_LPC177x_8x.S:228    .text:00000012 QEI_IRQHandler
../src/lib/lpc177x_8x/Core/Device/NXP/LPC177x_8x/Source/Templates/GCC/startup_LPC177x_8x.S:228    .text:00000012 PLL1_IRQHandler
../src/lib/lpc177x_8x/Core/Device/NXP/LPC177x_8x/Source/Templates/GCC/startup_LPC177x_8x.S:228    .text:00000012 USBActivity_IRQHandler
../src/lib/lpc177x_8x/Core/Device/NXP/LPC177x_8x/Source/Templates/GCC/startup_LPC177x_8x.S:228    .text:00000012 CANActivity_IRQHandler
../src/lib/lpc177x_8x/Core/Device/NXP/LPC177x_8x/Source/Templates/GCC/startup_LPC177x_8x.S:228    .text:00000012 UART4_IRQHandler
../src/lib/lpc177x_8x/Core/Device/NXP/LPC177x_8x/Source/Templates/GCC/startup_LPC177x_8x.S:228    .text:00000012 SSP2_IRQHandler
../src/lib/lpc177x_8x/Core/Device/NXP/LPC177x_8x/Source/Templates/GCC/startup_LPC177x_8x.S:228    .text:00000012 LCD_IRQHandler
../src/lib/lpc177x_8x/Core/Device/NXP/LPC177x_8x/Source/Templates/GCC/startup_LPC177x_8x.S:228    .text:00000012 GPIO_IRQHandler
../src/lib/lpc177x_8x/Core/Device/NXP/LPC177x_8x/Source/Templates/GCC/startup_LPC177x_8x.S:228    .text:00000012 PWM0_IRQHandler
../src/lib/lpc177x_8x/Core/Device/NXP/LPC177x_8x/Source/Templates/GCC/startup_LPC177x_8x.S:228    .text:00000012 EEPROM_IRQHandler
../src/lib/lpc177x_8x/Core/Device/NXP/LPC177x_8x/Source/Templates/GCC/startup_LPC177x_8x.S:125    .crp:00000000 CRP_Value
../src/lib/lpc177x_8x/Core/Device/NXP/LPC177x_8x/Source/Templates/GCC/startup_LPC177x_8x.S:134    .cs3.reset:00000000 __cs3_reset_cortex_m
../src/lib/lpc177x_8x/Core/Device/NXP/LPC177x_8x/Source/Templates/GCC/startup_LPC177x_8x.S:138    .cs3.reset:00000000 $t
../src/lib/lpc177x_8x/Core/Device/NXP/LPC177x_8x/Source/Templates/GCC/startup_LPC177x_8x.S:149    .cs3.reset:00000014 BSSIsEmpty
../src/lib/lpc177x_8x/Core/Device/NXP/LPC177x_8x/Source/Templates/GCC/startup_LPC177x_8x.S:143    .cs3.reset:0000000a LoopZI
../src/lib/lpc177x_8x/Core/Device/NXP/LPC177x_8x/Source/Templates/GCC/startup_LPC177x_8x.S:160    .cs3.reset:0000001c $d
             .ARM.exidx.cs3.reset:00000000 $d
../src/lib/lpc177x_8x/Core/Device/NXP/LPC177x_8x/Source/Templates/GCC/startup_LPC177x_8x.S:172    .text:00000000 $t
../src/lib/lpc177x_8x/Core/Device/NXP/LPC177x_8x/Source/Templates/GCC/startup_LPC177x_8x.S:228    .text:00000012 Default_Handler
                   .debug_aranges:0000000c $d

UNDEFINED SYMBOLS
__cs3_stack
__cs3_reset
__bss_start__
__bss_end__
SystemInit
main
